{"body":{},"endpoint":"/tech","ip":"::1","level":"info","method":"GET","pathParameters":{"0":"tech"},"query":{},"service":"user-service","timestamp":"Wed, 12 Jun 2024 15:32:52 GMT"}
{"body":{},"endpoint":"/Users/corcoding/Code-Refresher/Backend/Images/frontcardhtml.png","ip":"::1","level":"info","method":"GET","pathParameters":{"0":"Users/corcoding/Code-Refresher/Backend/Images/frontcardhtml.png"},"query":{},"service":"user-service","timestamp":"Wed, 12 Jun 2024 15:33:29 GMT"}
{"body":{},"endpoint":"/Users/corcoding/Code-Refresher/Backend/Images/frontcardhtml.png","ip":"::1","level":"info","method":"GET","pathParameters":{"0":"Users/corcoding/Code-Refresher/Backend/Images/frontcardhtml.png"},"query":{},"service":"user-service","timestamp":"Wed, 12 Jun 2024 15:33:56 GMT"}
{"body":{},"endpoint":"/Images/frontcardhtmlconcept.png","ip":"::1","level":"info","method":"GET","pathParameters":{"0":"Images/frontcardhtmlconcept.png"},"query":{},"service":"user-service","timestamp":"Wed, 12 Jun 2024 15:34:03 GMT"}
{"body":{},"endpoint":"/login","ip":"::1","level":"info","method":"GET","pathParameters":{"0":"login"},"query":{},"service":"user-service","timestamp":"Wed, 12 Jun 2024 17:02:37 GMT"}
{"body":{},"endpoint":"/login","ip":"::1","level":"info","method":"GET","pathParameters":{"0":"login"},"query":{},"service":"user-service","timestamp":"Wed, 12 Jun 2024 17:24:48 GMT"}
{"body":{},"endpoint":"/login","ip":"::1","level":"info","method":"GET","pathParameters":{"0":"login"},"query":{},"service":"user-service","timestamp":"Wed, 12 Jun 2024 17:26:07 GMT"}
{"body":{},"endpoint":"/tech","ip":"::1","level":"info","method":"GET","pathParameters":{"0":"tech"},"query":{},"service":"user-service","timestamp":"Wed, 12 Jun 2024 17:38:41 GMT"}
{"body":{"answer_img":"test answer-img","name":"test","question_img":"test question-img"},"endpoint":"/tech","ip":"::1","level":"info","method":"POST","pathParameters":{"0":"tech"},"query":{},"service":"user-service","timestamp":"Wed, 12 Jun 2024 17:40:42 GMT"}
{"body":{},"endpoint":"/tech","ip":"::1","level":"info","method":"GET","pathParameters":{"0":"tech"},"query":{},"service":"user-service","timestamp":"Wed, 12 Jun 2024 17:40:48 GMT"}
{"body":{"answer_img":"test answer-img2","name":"test2","question_img":"test question-img2"},"endpoint":"/tech","ip":"::1","level":"info","method":"POST","pathParameters":{"0":"tech"},"query":{},"service":"user-service","timestamp":"Wed, 12 Jun 2024 17:42:01 GMT"}
{"body":{},"endpoint":"/tech","ip":"::1","level":"info","method":"GET","pathParameters":{"0":"tech"},"query":{},"service":"user-service","timestamp":"Wed, 12 Jun 2024 17:52:39 GMT"}
{"body":{},"endpoint":"/tech/12","ip":"::1","level":"info","method":"DELETE","pathParameters":{"0":"tech/12"},"query":{},"service":"user-service","timestamp":"Wed, 12 Jun 2024 17:52:54 GMT"}
{"body":{},"endpoint":"/tech","ip":"::1","level":"info","method":"GET","pathParameters":{"0":"tech"},"query":{},"service":"user-service","timestamp":"Wed, 12 Jun 2024 17:53:01 GMT"}
{"body":{},"endpoint":"/tech/","ip":"::1","level":"info","method":"DELETE","pathParameters":{"0":"tech/"},"query":{"id":"12"},"service":"user-service","timestamp":"Wed, 12 Jun 2024 18:04:27 GMT"}
{"body":{},"endpoint":"/tech/12","ip":"::1","level":"info","method":"DELETE","pathParameters":{"0":"tech/12"},"query":{},"service":"user-service","timestamp":"Wed, 12 Jun 2024 18:07:30 GMT"}
{"body":{},"endpoint":"/tech/","ip":"::1","level":"info","method":"DELETE","pathParameters":{"0":"tech/"},"query":{"id":"12"},"service":"user-service","timestamp":"Wed, 12 Jun 2024 18:07:57 GMT"}
{"body":{},"endpoint":"/tech/12","ip":"::1","level":"info","method":"DELETE","pathParameters":{"0":"tech/12"},"query":{},"service":"user-service","timestamp":"Wed, 12 Jun 2024 18:08:52 GMT"}
{"body":{},"endpoint":"/tech","ip":"::1","level":"info","method":"GET","pathParameters":{"0":"tech"},"query":{},"service":"user-service","timestamp":"Wed, 12 Jun 2024 18:10:26 GMT"}
{"body":{},"endpoint":"/tech/13","ip":"::1","level":"info","method":"DELETE","pathParameters":{"0":"tech/13"},"query":{},"service":"user-service","timestamp":"Wed, 12 Jun 2024 18:10:40 GMT"}
{"body":{},"endpoint":"/tech","ip":"::1","level":"info","method":"GET","pathParameters":{"0":"tech"},"query":{},"service":"user-service","timestamp":"Wed, 12 Jun 2024 18:10:46 GMT"}
{"body":{"answer_img":"test answer-img","name":"test","question_img":"test question-img"},"endpoint":"/tech","ip":"::1","level":"info","method":"POST","pathParameters":{"0":"tech"},"query":{},"service":"user-service","timestamp":"Wed, 12 Jun 2024 18:11:17 GMT"}
{"body":{},"endpoint":"/tech","ip":"::1","level":"info","method":"GET","pathParameters":{"0":"tech"},"query":{},"service":"user-service","timestamp":"Wed, 12 Jun 2024 18:11:25 GMT"}
{"body":{},"endpoint":"/tech/14","ip":"::1","level":"info","method":"DELETE","pathParameters":{"0":"tech/14"},"query":{},"service":"user-service","timestamp":"Wed, 12 Jun 2024 18:11:34 GMT"}
{"body":{},"endpoint":"/tech","ip":"::1","level":"info","method":"GET","pathParameters":{"0":"tech"},"query":{},"service":"user-service","timestamp":"Wed, 12 Jun 2024 18:11:53 GMT"}
{"body":{},"endpoint":"/tech","ip":"::1","level":"info","method":"GET","pathParameters":{"0":"tech"},"query":{},"service":"user-service","timestamp":"Wed, 12 Jun 2024 18:21:54 GMT"}
{"body":{"answer_img":"test answer-img","name":"test","question_img":"test question-img"},"endpoint":"/tech","ip":"::1","level":"info","method":"POST","pathParameters":{"0":"tech"},"query":{},"service":"user-service","timestamp":"Wed, 12 Jun 2024 18:22:01 GMT"}
{"body":{},"endpoint":"/tech","ip":"::1","level":"info","method":"GET","pathParameters":{"0":"tech"},"query":{},"service":"user-service","timestamp":"Wed, 12 Jun 2024 18:22:04 GMT"}
{"body":{},"endpoint":"/tech/15","ip":"::1","level":"info","method":"DELETE","pathParameters":{"0":"tech/15"},"query":{},"service":"user-service","timestamp":"Wed, 12 Jun 2024 18:22:11 GMT"}
{"body":{},"endpoint":"/tech","ip":"::1","level":"info","method":"GET","pathParameters":{"0":"tech"},"query":{},"service":"user-service","timestamp":"Wed, 12 Jun 2024 18:22:21 GMT"}
{"body":{},"endpoint":"/tech","ip":"::1","level":"info","method":"GET","pathParameters":{"0":"tech"},"query":{},"service":"user-service","timestamp":"Fri, 14 Jun 2024 14:48:28 GMT"}
{"body":{"answer":"test answer-img","name":"test","question":"test question-img"},"endpoint":"/tech","ip":"::1","level":"info","method":"POST","pathParameters":{"0":"tech"},"query":{},"service":"user-service","timestamp":"Fri, 14 Jun 2024 14:48:33 GMT"}
{"body":{},"endpoint":"/tech","ip":"::1","level":"info","method":"GET","pathParameters":{"0":"tech"},"query":{},"service":"user-service","timestamp":"Fri, 14 Jun 2024 14:49:37 GMT"}
{"body":{"answer":"test answer","name":"test","question":"test question"},"endpoint":"/tech","ip":"::1","level":"info","method":"POST","pathParameters":{"0":"tech"},"query":{},"service":"user-service","timestamp":"Fri, 14 Jun 2024 14:49:47 GMT"}
{"body":{},"endpoint":"/tech","ip":"::1","level":"info","method":"GET","pathParameters":{"0":"tech"},"query":{},"service":"user-service","timestamp":"Fri, 14 Jun 2024 14:49:55 GMT"}
{"body":{},"endpoint":"/tech","ip":"::1","level":"info","method":"GET","pathParameters":{"0":"tech"},"query":{},"service":"user-service","timestamp":"Fri, 14 Jun 2024 15:47:04 GMT"}
{"body":{},"endpoint":"/tech","ip":"::1","level":"info","method":"GET","pathParameters":{"0":"tech"},"query":{},"service":"user-service","timestamp":"Fri, 14 Jun 2024 15:47:04 GMT"}
{"body":{},"endpoint":"/tech","ip":"::1","level":"info","method":"GET","pathParameters":{"0":"tech"},"query":{},"service":"user-service","timestamp":"Fri, 14 Jun 2024 15:53:35 GMT"}
{"body":{},"endpoint":"/tech","ip":"::1","level":"info","method":"GET","pathParameters":{"0":"tech"},"query":{},"service":"user-service","timestamp":"Fri, 14 Jun 2024 15:53:35 GMT"}
{"body":{},"endpoint":"/tech","ip":"::1","level":"info","method":"GET","pathParameters":{"0":"tech"},"query":{},"service":"user-service","timestamp":"Fri, 14 Jun 2024 15:53:39 GMT"}
{"body":{},"endpoint":"/tech","ip":"::1","level":"info","method":"GET","pathParameters":{"0":"tech"},"query":{},"service":"user-service","timestamp":"Fri, 14 Jun 2024 15:53:39 GMT"}
{"body":{},"endpoint":"/tech","ip":"::1","level":"info","method":"GET","pathParameters":{"0":"tech"},"query":{},"service":"user-service","timestamp":"Fri, 14 Jun 2024 15:53:43 GMT"}
{"body":{},"endpoint":"/tech","ip":"::1","level":"info","method":"GET","pathParameters":{"0":"tech"},"query":{},"service":"user-service","timestamp":"Fri, 14 Jun 2024 15:53:43 GMT"}
{"body":{},"endpoint":"/tech","ip":"::1","level":"info","method":"GET","pathParameters":{"0":"tech"},"query":{},"service":"user-service","timestamp":"Fri, 14 Jun 2024 16:00:40 GMT"}
{"body":{},"endpoint":"/tech","ip":"::1","level":"info","method":"GET","pathParameters":{"0":"tech"},"query":{},"service":"user-service","timestamp":"Fri, 14 Jun 2024 16:00:41 GMT"}
{"body":{},"endpoint":"/tech","ip":"::1","level":"info","method":"GET","pathParameters":{"0":"tech"},"query":{"name":"1"},"timestamp":"Fri, 14 Jun 2024 18:52:57 GMT"}
{"body":{},"endpoint":"/tech","ip":"::1","level":"info","method":"GET","pathParameters":{"0":"tech"},"query":{},"timestamp":"Tue, 18 Jun 2024 21:12:24 GMT"}
{"body":{},"endpoint":"/tech","ip":"::1","level":"info","method":"GET","pathParameters":{"0":"tech"},"query":{},"timestamp":"Tue, 18 Jun 2024 21:13:48 GMT"}
{"body":{},"endpoint":"/tech","ip":"::1","level":"info","method":"GET","pathParameters":{"0":"tech"},"query":{},"timestamp":"Tue, 18 Jun 2024 21:15:00 GMT"}
{"body":{},"endpoint":"/tech","ip":"::1","level":"info","method":"GET","pathParameters":{"0":"tech"},"query":{},"timestamp":"Tue, 18 Jun 2024 21:16:05 GMT"}
{"body":{},"endpoint":"/tech","ip":"::1","level":"info","method":"GET","pathParameters":{"0":"tech"},"query":{},"timestamp":"Tue, 18 Jun 2024 21:16:07 GMT"}
{"body":{},"endpoint":"/tech","ip":"::1","level":"info","method":"GET","pathParameters":{"0":"tech"},"query":{},"timestamp":"Tue, 18 Jun 2024 21:16:20 GMT"}
{"body":{},"endpoint":"/tech","ip":"::1","level":"info","method":"GET","pathParameters":{"0":"tech"},"query":{},"timestamp":"Tue, 18 Jun 2024 21:16:36 GMT"}
{"body":{},"endpoint":"/tech","ip":"::1","level":"info","method":"GET","pathParameters":{"0":"tech"},"query":{},"timestamp":"Tue, 18 Jun 2024 21:16:45 GMT"}
{"body":{},"endpoint":"/tech","ip":"::1","level":"info","method":"GET","pathParameters":{"0":"tech"},"query":{},"timestamp":"Tue, 18 Jun 2024 21:16:48 GMT"}
{"body":{},"endpoint":"/tech","ip":"::1","level":"info","method":"GET","pathParameters":{"0":"tech"},"query":{},"timestamp":"Tue, 18 Jun 2024 21:17:14 GMT"}
{"body":{},"endpoint":"/tech","ip":"::1","level":"info","method":"GET","pathParameters":{"0":"tech"},"query":{},"timestamp":"Tue, 18 Jun 2024 21:17:20 GMT"}
{"body":{},"endpoint":"/tech","ip":"::1","level":"info","method":"GET","pathParameters":{"0":"tech"},"query":{},"timestamp":"Tue, 18 Jun 2024 21:18:15 GMT"}
{"body":{},"endpoint":"/tech","ip":"::1","level":"info","method":"GET","pathParameters":{"0":"tech"},"query":{},"timestamp":"Tue, 18 Jun 2024 21:18:34 GMT"}
{"body":{},"endpoint":"/tech","ip":"::1","level":"info","method":"GET","pathParameters":{"0":"tech"},"query":{},"timestamp":"Tue, 18 Jun 2024 21:18:55 GMT"}
{"body":{},"endpoint":"/tech","ip":"::1","level":"info","method":"GET","pathParameters":{"0":"tech"},"query":{},"timestamp":"Tue, 18 Jun 2024 21:19:29 GMT"}
{"body":{},"endpoint":"/tech","ip":"::1","level":"info","method":"GET","pathParameters":{"0":"tech"},"query":{},"timestamp":"Tue, 18 Jun 2024 21:19:39 GMT"}
{"body":{},"endpoint":"/tech","ip":"::1","level":"info","method":"GET","pathParameters":{"0":"tech"},"query":{},"timestamp":"Tue, 18 Jun 2024 21:19:50 GMT"}
{"body":{},"endpoint":"/tech","ip":"::1","level":"info","method":"GET","pathParameters":{"0":"tech"},"query":{},"timestamp":"Tue, 18 Jun 2024 21:57:28 GMT"}
{"body":{},"endpoint":"/tech","ip":"::1","level":"info","method":"GET","pathParameters":{"0":"tech"},"query":{},"timestamp":"Tue, 18 Jun 2024 21:57:31 GMT"}
{"body":{},"endpoint":"/tech","ip":"::1","level":"info","method":"GET","pathParameters":{"0":"tech"},"query":{},"timestamp":"Tue, 18 Jun 2024 21:57:37 GMT"}
{"body":{},"endpoint":"/tech","ip":"::1","level":"info","method":"GET","pathParameters":{"0":"tech"},"query":{},"timestamp":"Tue, 18 Jun 2024 21:57:38 GMT"}
{"body":{},"endpoint":"/tech","ip":"::1","level":"info","method":"GET","pathParameters":{"0":"tech"},"query":{},"timestamp":"Tue, 18 Jun 2024 21:57:48 GMT"}
{"body":{},"endpoint":"/tech","ip":"::1","level":"info","method":"GET","pathParameters":{"0":"tech"},"query":{},"timestamp":"Tue, 18 Jun 2024 21:58:01 GMT"}
{"body":{},"endpoint":"/tech","ip":"::1","level":"info","method":"GET","pathParameters":{"0":"tech"},"query":{},"timestamp":"Tue, 18 Jun 2024 21:58:07 GMT"}
{"body":{},"endpoint":"/tech","ip":"::1","level":"info","method":"GET","pathParameters":{"0":"tech"},"query":{},"timestamp":"Tue, 18 Jun 2024 21:58:08 GMT"}
{"body":{},"endpoint":"/tech","ip":"::1","level":"info","method":"GET","pathParameters":{"0":"tech"},"query":{},"timestamp":"Tue, 18 Jun 2024 21:58:48 GMT"}
{"body":{},"endpoint":"/tech","ip":"::1","level":"info","method":"GET","pathParameters":{"0":"tech"},"query":{},"timestamp":"Tue, 18 Jun 2024 21:58:59 GMT"}
{"body":{},"endpoint":"/tech","ip":"::1","level":"info","method":"GET","pathParameters":{"0":"tech"},"query":{},"timestamp":"Tue, 18 Jun 2024 21:59:04 GMT"}
{"body":{},"endpoint":"/tech","ip":"::1","level":"info","method":"GET","pathParameters":{"0":"tech"},"query":{},"timestamp":"Tue, 18 Jun 2024 22:01:23 GMT"}
{"body":{},"endpoint":"/tech","ip":"::1","level":"info","method":"GET","pathParameters":{"0":"tech"},"query":{},"timestamp":"Tue, 18 Jun 2024 22:01:29 GMT"}
{"body":{},"endpoint":"/tech","ip":"::1","level":"info","method":"GET","pathParameters":{"0":"tech"},"query":{},"timestamp":"Tue, 18 Jun 2024 22:01:39 GMT"}
{"body":{},"endpoint":"/tech","ip":"::1","level":"info","method":"GET","pathParameters":{"0":"tech"},"query":{},"timestamp":"Tue, 18 Jun 2024 22:02:03 GMT"}
{"body":{},"endpoint":"/tech","ip":"::1","level":"info","method":"GET","pathParameters":{"0":"tech"},"query":{},"timestamp":"Tue, 18 Jun 2024 22:02:16 GMT"}
{"body":{},"endpoint":"/tech","ip":"::1","level":"info","method":"GET","pathParameters":{"0":"tech"},"query":{},"timestamp":"Tue, 18 Jun 2024 22:02:50 GMT"}
{"body":{},"endpoint":"/tech","ip":"::1","level":"info","method":"GET","pathParameters":{"0":"tech"},"query":{},"timestamp":"Tue, 18 Jun 2024 22:03:11 GMT"}
{"body":{},"endpoint":"/tech","ip":"::1","level":"info","method":"GET","pathParameters":{"0":"tech"},"query":{},"timestamp":"Tue, 18 Jun 2024 22:03:23 GMT"}
{"body":{},"endpoint":"/tech","ip":"::1","level":"info","method":"GET","pathParameters":{"0":"tech"},"query":{},"timestamp":"Tue, 18 Jun 2024 22:03:28 GMT"}
{"body":{},"endpoint":"/tech","ip":"::1","level":"info","method":"GET","pathParameters":{"0":"tech"},"query":{},"timestamp":"Tue, 18 Jun 2024 22:03:44 GMT"}
{"body":{},"endpoint":"/tech","ip":"::1","level":"info","method":"GET","pathParameters":{"0":"tech"},"query":{},"timestamp":"Tue, 18 Jun 2024 22:04:10 GMT"}
{"body":{},"endpoint":"/tech","ip":"::1","level":"info","method":"GET","pathParameters":{"0":"tech"},"query":{},"timestamp":"Tue, 18 Jun 2024 22:04:38 GMT"}
{"body":{},"endpoint":"/tech","ip":"::1","level":"info","method":"GET","pathParameters":{"0":"tech"},"query":{},"timestamp":"Tue, 18 Jun 2024 22:09:47 GMT"}
{"body":{},"endpoint":"/tech","ip":"::1","level":"info","method":"GET","pathParameters":{"0":"tech"},"query":{},"timestamp":"Tue, 18 Jun 2024 22:09:48 GMT"}
{"body":{},"endpoint":"/tech","ip":"::1","level":"info","method":"GET","pathParameters":{"0":"tech"},"query":{},"timestamp":"Tue, 18 Jun 2024 22:09:51 GMT"}
{"body":{},"endpoint":"/tech","ip":"::1","level":"info","method":"GET","pathParameters":{"0":"tech"},"query":{},"timestamp":"Tue, 18 Jun 2024 22:09:55 GMT"}
{"body":{},"endpoint":"/tech","ip":"::1","level":"info","method":"GET","pathParameters":{"0":"tech"},"query":{},"timestamp":"Tue, 18 Jun 2024 22:09:57 GMT"}
{"body":{},"endpoint":"/tech","ip":"::1","level":"info","method":"GET","pathParameters":{"0":"tech"},"query":{},"timestamp":"Tue, 18 Jun 2024 22:10:17 GMT"}
{"body":{},"endpoint":"/tech","ip":"::1","level":"info","method":"GET","pathParameters":{"0":"tech"},"query":{},"timestamp":"Tue, 18 Jun 2024 22:10:19 GMT"}
{"body":{},"endpoint":"/tech","ip":"::1","level":"info","method":"GET","pathParameters":{"0":"tech"},"query":{},"timestamp":"Tue, 18 Jun 2024 22:11:53 GMT"}
{"body":{},"endpoint":"/tech","ip":"::1","level":"info","method":"GET","pathParameters":{"0":"tech"},"query":{},"timestamp":"Tue, 18 Jun 2024 22:11:54 GMT"}
{"body":{},"endpoint":"/tech","ip":"::1","level":"info","method":"GET","pathParameters":{"0":"tech"},"query":{},"timestamp":"Tue, 18 Jun 2024 22:13:14 GMT"}
{"body":{},"endpoint":"/tech","ip":"::1","level":"info","method":"GET","pathParameters":{"0":"tech"},"query":{},"timestamp":"Tue, 18 Jun 2024 22:17:02 GMT"}
{"body":{},"endpoint":"/tech","ip":"::1","level":"info","method":"GET","pathParameters":{"0":"tech"},"query":{},"timestamp":"Tue, 18 Jun 2024 22:17:14 GMT"}
{"body":{},"endpoint":"/tech","ip":"::1","level":"info","method":"GET","pathParameters":{"0":"tech"},"query":{},"timestamp":"Tue, 18 Jun 2024 22:20:24 GMT"}
{"body":{},"endpoint":"/tech","ip":"::1","level":"info","method":"GET","pathParameters":{"0":"tech"},"query":{},"timestamp":"Tue, 18 Jun 2024 22:20:25 GMT"}
{"body":{},"endpoint":"/tech","ip":"::1","level":"info","method":"GET","pathParameters":{"0":"tech"},"query":{},"timestamp":"Tue, 18 Jun 2024 22:20:32 GMT"}
{"body":{},"endpoint":"/tech","ip":"::1","level":"info","method":"GET","pathParameters":{"0":"tech"},"query":{},"timestamp":"Tue, 18 Jun 2024 23:47:35 GMT"}
{"body":{},"endpoint":"/tech","ip":"::1","level":"info","method":"GET","pathParameters":{"0":"tech"},"query":{},"timestamp":"Tue, 18 Jun 2024 23:48:58 GMT"}
{"body":{},"endpoint":"/tech","ip":"::1","level":"info","method":"GET","pathParameters":{"0":"tech"},"query":{},"timestamp":"Tue, 18 Jun 2024 23:54:43 GMT"}
{"body":{},"endpoint":"/tech","ip":"::1","level":"info","method":"GET","pathParameters":{"0":"tech"},"query":{},"timestamp":"Tue, 18 Jun 2024 23:54:51 GMT"}
{"body":{},"endpoint":"/tech","ip":"::1","level":"info","method":"GET","pathParameters":{"0":"tech"},"query":{},"timestamp":"Tue, 18 Jun 2024 23:55:00 GMT"}
{"body":{},"endpoint":"/tech","ip":"::1","level":"info","method":"GET","pathParameters":{"0":"tech"},"query":{},"timestamp":"Wed, 19 Jun 2024 00:16:48 GMT"}
{"body":{},"endpoint":"/tech","ip":"::1","level":"info","method":"GET","pathParameters":{"0":"tech"},"query":{},"timestamp":"Wed, 19 Jun 2024 00:16:51 GMT"}
{"body":{},"endpoint":"/tech","ip":"::1","level":"info","method":"GET","pathParameters":{"0":"tech"},"query":{},"timestamp":"Wed, 19 Jun 2024 00:16:54 GMT"}
{"body":{},"endpoint":"/tech","ip":"::1","level":"info","method":"GET","pathParameters":{"0":"tech"},"query":{},"timestamp":"Wed, 19 Jun 2024 00:18:29 GMT"}
{"body":{},"endpoint":"/tech","ip":"::1","level":"info","method":"GET","pathParameters":{"0":"tech"},"query":{},"timestamp":"Wed, 19 Jun 2024 00:23:22 GMT"}
{"body":{},"endpoint":"/tech","ip":"::1","level":"info","method":"GET","pathParameters":{"0":"tech"},"query":{},"timestamp":"Wed, 19 Jun 2024 00:24:20 GMT"}
{"body":{},"endpoint":"/tech","ip":"::1","level":"info","method":"GET","pathParameters":{"0":"tech"},"query":{},"timestamp":"Wed, 19 Jun 2024 01:02:06 GMT"}
{"body":{},"endpoint":"/tech","ip":"::1","level":"info","method":"GET","pathParameters":{"0":"tech"},"query":{},"timestamp":"Wed, 19 Jun 2024 01:02:10 GMT"}
{"body":{},"endpoint":"/tech","ip":"::1","level":"info","method":"GET","pathParameters":{"0":"tech"},"query":{},"timestamp":"Wed, 19 Jun 2024 01:03:58 GMT"}
{"body":{},"endpoint":"/tech","ip":"::1","level":"info","method":"GET","pathParameters":{"0":"tech"},"query":{},"timestamp":"Wed, 19 Jun 2024 01:04:00 GMT"}
{"body":{},"endpoint":"/tech","ip":"::1","level":"info","method":"GET","pathParameters":{"0":"tech"},"query":{},"timestamp":"Wed, 19 Jun 2024 01:04:24 GMT"}
{"body":{},"endpoint":"/tech","ip":"::1","level":"info","method":"GET","pathParameters":{"0":"tech"},"query":{},"timestamp":"Wed, 19 Jun 2024 01:04:25 GMT"}
{"body":{},"endpoint":"/tech","ip":"::1","level":"info","method":"GET","pathParameters":{"0":"tech"},"query":{},"timestamp":"Wed, 19 Jun 2024 01:04:37 GMT"}
{"body":{},"endpoint":"/tech","ip":"::1","level":"info","method":"GET","pathParameters":{"0":"tech"},"query":{},"timestamp":"Wed, 19 Jun 2024 01:05:01 GMT"}
{"body":{},"endpoint":"/tech","ip":"::1","level":"info","method":"GET","pathParameters":{"0":"tech"},"query":{},"timestamp":"Wed, 19 Jun 2024 01:05:22 GMT"}
{"body":{},"endpoint":"/tech","ip":"::1","level":"info","method":"GET","pathParameters":{"0":"tech"},"query":{},"timestamp":"Wed, 19 Jun 2024 01:05:38 GMT"}
{"body":{},"endpoint":"/tech","ip":"::1","level":"info","method":"GET","pathParameters":{"0":"tech"},"query":{},"timestamp":"Wed, 19 Jun 2024 01:06:12 GMT"}
{"body":{},"endpoint":"/tech","ip":"::1","level":"info","method":"GET","pathParameters":{"0":"tech"},"query":{},"timestamp":"Wed, 19 Jun 2024 01:06:49 GMT"}
{"body":{},"endpoint":"/tech","ip":"::1","level":"info","method":"GET","pathParameters":{"0":"tech"},"query":{},"timestamp":"Wed, 19 Jun 2024 01:06:52 GMT"}
{"body":{},"endpoint":"/tech","ip":"::1","level":"info","method":"GET","pathParameters":{"0":"tech"},"query":{},"timestamp":"Wed, 19 Jun 2024 01:06:53 GMT"}
{"body":{},"endpoint":"/tech","ip":"::1","level":"info","method":"GET","pathParameters":{"0":"tech"},"query":{},"timestamp":"Wed, 19 Jun 2024 01:07:15 GMT"}
{"body":{},"endpoint":"/tech","ip":"::1","level":"info","method":"GET","pathParameters":{"0":"tech"},"query":{},"timestamp":"Wed, 19 Jun 2024 01:08:46 GMT"}
{"body":{},"endpoint":"/tech","ip":"::1","level":"info","method":"GET","pathParameters":{"0":"tech"},"query":{},"timestamp":"Wed, 19 Jun 2024 01:09:07 GMT"}
{"body":{},"endpoint":"/tech","ip":"::1","level":"info","method":"GET","pathParameters":{"0":"tech"},"query":{},"timestamp":"Wed, 19 Jun 2024 01:09:18 GMT"}
{"body":{},"endpoint":"/tech","ip":"::1","level":"info","method":"GET","pathParameters":{"0":"tech"},"query":{},"timestamp":"Wed, 19 Jun 2024 01:09:59 GMT"}
{"body":{},"endpoint":"/tech","ip":"::1","level":"info","method":"GET","pathParameters":{"0":"tech"},"query":{},"timestamp":"Wed, 19 Jun 2024 01:10:01 GMT"}
{"body":{},"endpoint":"/tech","ip":"::1","level":"info","method":"GET","pathParameters":{"0":"tech"},"query":{},"timestamp":"Wed, 19 Jun 2024 01:10:08 GMT"}
{"body":{},"endpoint":"/tech","ip":"::1","level":"info","method":"GET","pathParameters":{"0":"tech"},"query":{},"timestamp":"Wed, 19 Jun 2024 01:10:35 GMT"}
{"body":{},"endpoint":"/tech","ip":"::1","level":"info","method":"GET","pathParameters":{"0":"tech"},"query":{},"timestamp":"Wed, 19 Jun 2024 01:10:35 GMT"}
{"body":{},"endpoint":"/tech","ip":"::1","level":"info","method":"GET","pathParameters":{"0":"tech"},"query":{},"timestamp":"Wed, 19 Jun 2024 01:10:41 GMT"}
{"body":{},"endpoint":"/tech","ip":"::1","level":"info","method":"GET","pathParameters":{"0":"tech"},"query":{},"timestamp":"Wed, 19 Jun 2024 01:12:01 GMT"}
{"body":{},"endpoint":"/tech","ip":"::1","level":"info","method":"GET","pathParameters":{"0":"tech"},"query":{},"timestamp":"Wed, 19 Jun 2024 01:12:02 GMT"}
{"body":{},"endpoint":"/tech","ip":"::1","level":"info","method":"GET","pathParameters":{"0":"tech"},"query":{},"timestamp":"Wed, 19 Jun 2024 01:12:22 GMT"}
{"body":{},"endpoint":"/tech","ip":"::1","level":"info","method":"GET","pathParameters":{"0":"tech"},"query":{},"timestamp":"Wed, 19 Jun 2024 01:12:57 GMT"}
{"body":{},"endpoint":"/tech","ip":"::1","level":"info","method":"GET","pathParameters":{"0":"tech"},"query":{},"timestamp":"Wed, 19 Jun 2024 01:13:02 GMT"}
{"body":{},"endpoint":"/tech","ip":"::1","level":"info","method":"GET","pathParameters":{"0":"tech"},"query":{},"timestamp":"Wed, 19 Jun 2024 01:13:39 GMT"}
{"body":{},"endpoint":"/tech","ip":"::1","level":"info","method":"GET","pathParameters":{"0":"tech"},"query":{},"timestamp":"Wed, 19 Jun 2024 01:13:41 GMT"}
{"body":{},"endpoint":"/tech","ip":"::1","level":"info","method":"GET","pathParameters":{"0":"tech"},"query":{},"timestamp":"Wed, 19 Jun 2024 01:13:56 GMT"}
{"body":{},"endpoint":"/tech","ip":"::1","level":"info","method":"GET","pathParameters":{"0":"tech"},"query":{},"timestamp":"Wed, 19 Jun 2024 01:14:47 GMT"}
{"body":{},"endpoint":"/tech","ip":"::1","level":"info","method":"GET","pathParameters":{"0":"tech"},"query":{},"timestamp":"Wed, 19 Jun 2024 01:14:50 GMT"}
{"body":{},"endpoint":"/tech","ip":"::1","level":"info","method":"GET","pathParameters":{"0":"tech"},"query":{},"timestamp":"Wed, 19 Jun 2024 01:15:12 GMT"}
{"body":{},"endpoint":"/tech","ip":"::1","level":"info","method":"GET","pathParameters":{"0":"tech"},"query":{},"timestamp":"Wed, 19 Jun 2024 01:58:59 GMT"}
{"body":{},"endpoint":"/tech","ip":"::1","level":"info","method":"GET","pathParameters":{"0":"tech"},"query":{},"timestamp":"Wed, 19 Jun 2024 01:59:00 GMT"}
{"body":{},"endpoint":"/tech","ip":"::1","level":"info","method":"GET","pathParameters":{"0":"tech"},"query":{},"timestamp":"Wed, 19 Jun 2024 01:59:01 GMT"}
{"body":{},"endpoint":"/tech","ip":"::1","level":"info","method":"GET","pathParameters":{"0":"tech"},"query":{},"timestamp":"Wed, 19 Jun 2024 01:59:01 GMT"}
{"body":{},"endpoint":"/tech","ip":"::1","level":"info","method":"GET","pathParameters":{"0":"tech"},"query":{},"timestamp":"Wed, 19 Jun 2024 01:59:04 GMT"}
{"body":{},"endpoint":"/tech","ip":"::1","level":"info","method":"GET","pathParameters":{"0":"tech"},"query":{},"timestamp":"Wed, 19 Jun 2024 01:59:04 GMT"}
{"body":{},"endpoint":"/tech","ip":"::1","level":"info","method":"GET","pathParameters":{"0":"tech"},"query":{},"timestamp":"Wed, 19 Jun 2024 01:59:05 GMT"}
{"body":{},"endpoint":"/tech","ip":"::1","level":"info","method":"GET","pathParameters":{"0":"tech"},"query":{},"timestamp":"Wed, 19 Jun 2024 01:59:05 GMT"}
{"body":{},"endpoint":"/tech","ip":"::1","level":"info","method":"GET","pathParameters":{"0":"tech"},"query":{},"timestamp":"Wed, 19 Jun 2024 01:59:05 GMT"}
{"body":{},"endpoint":"/tech","ip":"::1","level":"info","method":"GET","pathParameters":{"0":"tech"},"query":{},"timestamp":"Wed, 19 Jun 2024 01:59:06 GMT"}
{"body":{},"endpoint":"/tech","ip":"::1","level":"info","method":"GET","pathParameters":{"0":"tech"},"query":{},"timestamp":"Wed, 19 Jun 2024 01:59:06 GMT"}
{"body":{},"endpoint":"/tech","ip":"::1","level":"info","method":"GET","pathParameters":{"0":"tech"},"query":{},"timestamp":"Wed, 19 Jun 2024 01:59:06 GMT"}
{"body":{},"endpoint":"/tech","ip":"::1","level":"info","method":"GET","pathParameters":{"0":"tech"},"query":{},"timestamp":"Wed, 19 Jun 2024 01:59:06 GMT"}
{"body":{},"endpoint":"/tech","ip":"::1","level":"info","method":"GET","pathParameters":{"0":"tech"},"query":{},"timestamp":"Wed, 19 Jun 2024 01:59:07 GMT"}
{"body":{},"endpoint":"/tech","ip":"::1","level":"info","method":"GET","pathParameters":{"0":"tech"},"query":{},"timestamp":"Wed, 19 Jun 2024 01:59:07 GMT"}
{"body":{},"endpoint":"/tech","ip":"::1","level":"info","method":"GET","pathParameters":{"0":"tech"},"query":{},"timestamp":"Wed, 19 Jun 2024 01:59:07 GMT"}
{"body":{},"endpoint":"/tech","ip":"::1","level":"info","method":"GET","pathParameters":{"0":"tech"},"query":{},"timestamp":"Wed, 19 Jun 2024 01:59:08 GMT"}
{"body":{},"endpoint":"/tech","ip":"::1","level":"info","method":"GET","pathParameters":{"0":"tech"},"query":{},"timestamp":"Wed, 19 Jun 2024 01:59:08 GMT"}
{"body":{},"endpoint":"/tech","ip":"::1","level":"info","method":"GET","pathParameters":{"0":"tech"},"query":{},"timestamp":"Wed, 19 Jun 2024 01:59:09 GMT"}
{"body":{},"endpoint":"/tech","ip":"::1","level":"info","method":"GET","pathParameters":{"0":"tech"},"query":{},"timestamp":"Wed, 19 Jun 2024 01:59:09 GMT"}
{"body":{},"endpoint":"/tech","ip":"::1","level":"info","method":"GET","pathParameters":{"0":"tech"},"query":{},"timestamp":"Wed, 19 Jun 2024 01:59:09 GMT"}
{"body":{},"endpoint":"/tech","ip":"::1","level":"info","method":"GET","pathParameters":{"0":"tech"},"query":{},"timestamp":"Wed, 19 Jun 2024 01:59:09 GMT"}
{"body":{},"endpoint":"/tech","ip":"::1","level":"info","method":"GET","pathParameters":{"0":"tech"},"query":{},"timestamp":"Wed, 19 Jun 2024 01:59:09 GMT"}
{"body":{},"endpoint":"/tech","ip":"::1","level":"info","method":"GET","pathParameters":{"0":"tech"},"query":{},"timestamp":"Wed, 19 Jun 2024 01:59:10 GMT"}
{"body":{},"endpoint":"/tech","ip":"::1","level":"info","method":"GET","pathParameters":{"0":"tech"},"query":{},"timestamp":"Wed, 19 Jun 2024 01:59:10 GMT"}
{"body":{},"endpoint":"/tech","ip":"::1","level":"info","method":"GET","pathParameters":{"0":"tech"},"query":{},"timestamp":"Wed, 19 Jun 2024 01:59:13 GMT"}
{"body":{},"endpoint":"/tech","ip":"::1","level":"info","method":"GET","pathParameters":{"0":"tech"},"query":{},"timestamp":"Wed, 19 Jun 2024 01:59:14 GMT"}
{"body":{},"endpoint":"/tech","ip":"::1","level":"info","method":"GET","pathParameters":{"0":"tech"},"query":{},"timestamp":"Wed, 19 Jun 2024 01:59:15 GMT"}
{"body":{},"endpoint":"/tech","ip":"::1","level":"info","method":"GET","pathParameters":{"0":"tech"},"query":{},"timestamp":"Wed, 19 Jun 2024 01:59:15 GMT"}
{"body":{},"endpoint":"/tech","ip":"::1","level":"info","method":"GET","pathParameters":{"0":"tech"},"query":{},"timestamp":"Wed, 19 Jun 2024 01:59:16 GMT"}
{"body":{},"endpoint":"/tech","ip":"::1","level":"info","method":"GET","pathParameters":{"0":"tech"},"query":{},"timestamp":"Wed, 19 Jun 2024 01:59:16 GMT"}
{"body":{},"endpoint":"/tech","ip":"::1","level":"info","method":"GET","pathParameters":{"0":"tech"},"query":{},"timestamp":"Wed, 19 Jun 2024 01:59:26 GMT"}
{"body":{},"endpoint":"/tech","ip":"::1","level":"info","method":"GET","pathParameters":{"0":"tech"},"query":{},"timestamp":"Wed, 19 Jun 2024 01:59:27 GMT"}
{"body":{},"endpoint":"/tech","ip":"::1","level":"info","method":"GET","pathParameters":{"0":"tech"},"query":{},"timestamp":"Wed, 19 Jun 2024 01:59:27 GMT"}
{"body":{},"endpoint":"/tech","ip":"::1","level":"info","method":"GET","pathParameters":{"0":"tech"},"query":{},"timestamp":"Wed, 19 Jun 2024 01:59:28 GMT"}
{"body":{},"endpoint":"/tech","ip":"::1","level":"info","method":"GET","pathParameters":{"0":"tech"},"query":{},"timestamp":"Wed, 19 Jun 2024 01:59:28 GMT"}
{"body":{},"endpoint":"/tech","ip":"::1","level":"info","method":"GET","pathParameters":{"0":"tech"},"query":{},"timestamp":"Wed, 19 Jun 2024 01:59:28 GMT"}
{"body":{},"endpoint":"/tech","ip":"::1","level":"info","method":"GET","pathParameters":{"0":"tech"},"query":{},"timestamp":"Wed, 19 Jun 2024 01:59:28 GMT"}
{"body":{},"endpoint":"/tech","ip":"::1","level":"info","method":"GET","pathParameters":{"0":"tech"},"query":{},"timestamp":"Wed, 19 Jun 2024 01:59:28 GMT"}
{"body":{},"endpoint":"/tech","ip":"::1","level":"info","method":"GET","pathParameters":{"0":"tech"},"query":{},"timestamp":"Wed, 19 Jun 2024 01:59:29 GMT"}
{"body":{},"endpoint":"/tech","ip":"::1","level":"info","method":"GET","pathParameters":{"0":"tech"},"query":{},"timestamp":"Wed, 19 Jun 2024 01:59:29 GMT"}
{"body":{},"endpoint":"/tech","ip":"::1","level":"info","method":"GET","pathParameters":{"0":"tech"},"query":{},"timestamp":"Wed, 19 Jun 2024 01:59:29 GMT"}
{"body":{},"endpoint":"/tech","ip":"::1","level":"info","method":"GET","pathParameters":{"0":"tech"},"query":{},"timestamp":"Wed, 19 Jun 2024 01:59:29 GMT"}
{"body":{},"endpoint":"/tech","ip":"::1","level":"info","method":"GET","pathParameters":{"0":"tech"},"query":{},"timestamp":"Wed, 19 Jun 2024 01:59:29 GMT"}
{"body":{},"endpoint":"/tech","ip":"::1","level":"info","method":"GET","pathParameters":{"0":"tech"},"query":{},"timestamp":"Wed, 19 Jun 2024 01:59:29 GMT"}
{"body":{},"endpoint":"/tech","ip":"::1","level":"info","method":"GET","pathParameters":{"0":"tech"},"query":{},"timestamp":"Wed, 19 Jun 2024 01:59:29 GMT"}
{"body":{},"endpoint":"/tech","ip":"::1","level":"info","method":"GET","pathParameters":{"0":"tech"},"query":{},"timestamp":"Wed, 19 Jun 2024 01:59:30 GMT"}
{"body":{},"endpoint":"/tech","ip":"::1","level":"info","method":"GET","pathParameters":{"0":"tech"},"query":{},"timestamp":"Wed, 19 Jun 2024 01:59:30 GMT"}
{"body":{},"endpoint":"/tech","ip":"::1","level":"info","method":"GET","pathParameters":{"0":"tech"},"query":{},"timestamp":"Wed, 19 Jun 2024 01:59:33 GMT"}
{"body":{},"endpoint":"/tech","ip":"::1","level":"info","method":"GET","pathParameters":{"0":"tech"},"query":{},"timestamp":"Wed, 19 Jun 2024 02:00:17 GMT"}
{"body":{},"endpoint":"/tech","ip":"::1","level":"info","method":"GET","pathParameters":{"0":"tech"},"query":{},"timestamp":"Wed, 19 Jun 2024 02:00:19 GMT"}
{"body":{},"endpoint":"/tech","ip":"::1","level":"info","method":"GET","pathParameters":{"0":"tech"},"query":{},"timestamp":"Wed, 19 Jun 2024 02:00:20 GMT"}
{"body":{},"endpoint":"/tech","ip":"::1","level":"info","method":"GET","pathParameters":{"0":"tech"},"query":{},"timestamp":"Wed, 19 Jun 2024 02:00:21 GMT"}
{"body":{},"endpoint":"/tech","ip":"::1","level":"info","method":"GET","pathParameters":{"0":"tech"},"query":{},"timestamp":"Wed, 19 Jun 2024 02:00:21 GMT"}
{"body":{},"endpoint":"/tech","ip":"::1","level":"info","method":"GET","pathParameters":{"0":"tech"},"query":{},"timestamp":"Wed, 19 Jun 2024 02:00:28 GMT"}
{"body":{},"endpoint":"/tech","ip":"::1","level":"info","method":"GET","pathParameters":{"0":"tech"},"query":{},"timestamp":"Wed, 19 Jun 2024 02:00:32 GMT"}
{"body":{},"endpoint":"/tech","ip":"::1","level":"info","method":"GET","pathParameters":{"0":"tech"},"query":{},"timestamp":"Wed, 19 Jun 2024 02:00:33 GMT"}
{"body":{},"endpoint":"/tech","ip":"::1","level":"info","method":"GET","pathParameters":{"0":"tech"},"query":{},"timestamp":"Wed, 19 Jun 2024 02:00:33 GMT"}
{"body":{},"endpoint":"/tech","ip":"::1","level":"info","method":"GET","pathParameters":{"0":"tech"},"query":{},"timestamp":"Wed, 19 Jun 2024 02:00:46 GMT"}
{"body":{},"endpoint":"/tech","ip":"::1","level":"info","method":"GET","pathParameters":{"0":"tech"},"query":{},"timestamp":"Wed, 19 Jun 2024 02:10:16 GMT"}
{"body":{},"endpoint":"/tech","ip":"::1","level":"info","method":"GET","pathParameters":{"0":"tech"},"query":{},"timestamp":"Wed, 19 Jun 2024 02:10:21 GMT"}
{"body":{},"endpoint":"/tech","ip":"::1","level":"info","method":"GET","pathParameters":{"0":"tech"},"query":{},"timestamp":"Wed, 19 Jun 2024 02:10:22 GMT"}
{"body":{},"endpoint":"/tech","ip":"::1","level":"info","method":"GET","pathParameters":{"0":"tech"},"query":{},"timestamp":"Wed, 19 Jun 2024 02:10:22 GMT"}
{"body":{},"endpoint":"/tech","ip":"::1","level":"info","method":"GET","pathParameters":{"0":"tech"},"query":{},"timestamp":"Wed, 19 Jun 2024 02:10:22 GMT"}
{"body":{},"endpoint":"/tech","ip":"::1","level":"info","method":"GET","pathParameters":{"0":"tech"},"query":{},"timestamp":"Wed, 19 Jun 2024 02:16:38 GMT"}
{"body":{},"endpoint":"/tech","ip":"::1","level":"info","method":"GET","pathParameters":{"0":"tech"},"query":{},"timestamp":"Wed, 19 Jun 2024 02:16:42 GMT"}
{"body":{},"endpoint":"/tech","ip":"::1","level":"info","method":"GET","pathParameters":{"0":"tech"},"query":{},"timestamp":"Wed, 19 Jun 2024 02:17:12 GMT"}
{"body":{},"endpoint":"/tech","ip":"::1","level":"info","method":"GET","pathParameters":{"0":"tech"},"query":{},"timestamp":"Wed, 19 Jun 2024 02:22:35 GMT"}
{"body":{},"endpoint":"/Game","ip":"::1","level":"info","method":"GET","pathParameters":{"0":"Game"},"query":{},"timestamp":"Wed, 19 Jun 2024 02:26:25 GMT"}
{"body":{},"endpoint":"/tech","ip":"::1","level":"info","method":"GET","pathParameters":{"0":"tech"},"query":{},"timestamp":"Wed, 19 Jun 2024 02:26:47 GMT"}
{"body":{},"endpoint":"/tech","ip":"::1","level":"info","method":"GET","pathParameters":{"0":"tech"},"query":{},"timestamp":"Wed, 19 Jun 2024 02:34:13 GMT"}
{"body":{},"endpoint":"/tech","ip":"::1","level":"info","method":"GET","pathParameters":{"0":"tech"},"query":{},"timestamp":"Wed, 19 Jun 2024 02:34:29 GMT"}
{"body":{},"endpoint":"/tech","ip":"::1","level":"info","method":"GET","pathParameters":{"0":"tech"},"query":{},"timestamp":"Wed, 19 Jun 2024 02:37:11 GMT"}
{"body":{},"endpoint":"/tech","ip":"::1","level":"info","method":"GET","pathParameters":{"0":"tech"},"query":{},"timestamp":"Wed, 19 Jun 2024 02:38:25 GMT"}
{"body":{},"endpoint":"/tech","ip":"::1","level":"info","method":"GET","pathParameters":{"0":"tech"},"query":{},"timestamp":"Wed, 19 Jun 2024 02:38:40 GMT"}
{"body":{},"endpoint":"/tech","ip":"::1","level":"info","method":"GET","pathParameters":{"0":"tech"},"query":{},"timestamp":"Wed, 19 Jun 2024 02:38:40 GMT"}
{"body":{},"endpoint":"/tech","ip":"::1","level":"info","method":"GET","pathParameters":{"0":"tech"},"query":{},"timestamp":"Wed, 19 Jun 2024 02:54:56 GMT"}
{"body":{},"endpoint":"/tech","ip":"::1","level":"info","method":"GET","pathParameters":{"0":"tech"},"query":{},"timestamp":"Wed, 19 Jun 2024 02:55:03 GMT"}
{"body":{},"endpoint":"/tech","ip":"::1","level":"info","method":"GET","pathParameters":{"0":"tech"},"query":{},"timestamp":"Wed, 19 Jun 2024 02:55:29 GMT"}
{"body":{},"endpoint":"/tech","ip":"::1","level":"info","method":"GET","pathParameters":{"0":"tech"},"query":{},"timestamp":"Wed, 19 Jun 2024 02:55:51 GMT"}
{"body":{},"endpoint":"/tech","ip":"::1","level":"info","method":"GET","pathParameters":{"0":"tech"},"query":{},"timestamp":"Wed, 19 Jun 2024 02:55:53 GMT"}
{"body":{},"endpoint":"/tech","ip":"::1","level":"info","method":"GET","pathParameters":{"0":"tech"},"query":{},"timestamp":"Wed, 19 Jun 2024 03:13:55 GMT"}
{"body":{},"endpoint":"/tech","ip":"::1","level":"info","method":"GET","pathParameters":{"0":"tech"},"query":{},"timestamp":"Wed, 19 Jun 2024 03:24:43 GMT"}
{"body":{},"endpoint":"/tech","ip":"::1","level":"info","method":"GET","pathParameters":{"0":"tech"},"query":{},"timestamp":"Wed, 19 Jun 2024 03:25:00 GMT"}
{"body":{},"endpoint":"/tech","ip":"::1","level":"info","method":"GET","pathParameters":{"0":"tech"},"query":{},"timestamp":"Wed, 19 Jun 2024 03:25:06 GMT"}
{"body":{},"endpoint":"/tech","ip":"::1","level":"info","method":"OPTIONS","pathParameters":{"0":"tech"},"query":{},"timestamp":"Wed, 19 Jun 2024 03:25:48 GMT"}
{"body":{},"endpoint":"/tech","ip":"::1","level":"info","method":"GET","pathParameters":{"0":"tech"},"query":{},"timestamp":"Wed, 19 Jun 2024 03:25:48 GMT"}
{"body":{},"endpoint":"/tech","ip":"::1","level":"info","method":"OPTIONS","pathParameters":{"0":"tech"},"query":{},"timestamp":"Wed, 19 Jun 2024 03:26:04 GMT"}
{"body":{},"endpoint":"/tech","ip":"::1","level":"info","method":"GET","pathParameters":{"0":"tech"},"query":{},"timestamp":"Wed, 19 Jun 2024 03:26:04 GMT"}
{"body":{},"endpoint":"/tech","ip":"::1","level":"info","method":"GET","pathParameters":{"0":"tech"},"query":{},"timestamp":"Wed, 19 Jun 2024 04:37:30 GMT"}
{"body":{},"endpoint":"/tech","ip":"::1","level":"info","method":"GET","pathParameters":{"0":"tech"},"query":{},"timestamp":"Wed, 19 Jun 2024 04:37:47 GMT"}
{"body":{},"endpoint":"/tech","ip":"::1","level":"info","method":"GET","pathParameters":{"0":"tech"},"query":{},"timestamp":"Wed, 19 Jun 2024 04:38:05 GMT"}
{"body":{},"endpoint":"/tech","ip":"::1","level":"info","method":"GET","pathParameters":{"0":"tech"},"query":{},"timestamp":"Wed, 19 Jun 2024 04:39:12 GMT"}
{"body":{},"endpoint":"/tech","ip":"::1","level":"info","method":"GET","pathParameters":{"0":"tech"},"query":{},"timestamp":"Wed, 19 Jun 2024 04:45:18 GMT"}
{"body":{},"endpoint":"/tech","ip":"::1","level":"info","method":"OPTIONS","pathParameters":{"0":"tech"},"query":{},"timestamp":"Wed, 19 Jun 2024 04:46:42 GMT"}
{"body":{},"endpoint":"/tech","ip":"::1","level":"info","method":"GET","pathParameters":{"0":"tech"},"query":{},"timestamp":"Wed, 19 Jun 2024 04:46:42 GMT"}
{"body":{},"endpoint":"/tech","ip":"::1","level":"info","method":"OPTIONS","pathParameters":{"0":"tech"},"query":{},"timestamp":"Wed, 19 Jun 2024 04:46:59 GMT"}
{"body":{},"endpoint":"/tech","ip":"::1","level":"info","method":"GET","pathParameters":{"0":"tech"},"query":{},"timestamp":"Wed, 19 Jun 2024 04:46:59 GMT"}
{"body":{},"endpoint":"/tech","ip":"::1","level":"info","method":"OPTIONS","pathParameters":{"0":"tech"},"query":{},"timestamp":"Wed, 19 Jun 2024 04:47:02 GMT"}
{"body":{},"endpoint":"/tech","ip":"::1","level":"info","method":"GET","pathParameters":{"0":"tech"},"query":{},"timestamp":"Wed, 19 Jun 2024 04:47:02 GMT"}
{"body":{},"endpoint":"/tech","ip":"::1","level":"info","method":"OPTIONS","pathParameters":{"0":"tech"},"query":{},"timestamp":"Wed, 19 Jun 2024 04:47:04 GMT"}
{"body":{},"endpoint":"/tech","ip":"::1","level":"info","method":"GET","pathParameters":{"0":"tech"},"query":{},"timestamp":"Wed, 19 Jun 2024 04:47:04 GMT"}
{"body":{},"endpoint":"/tech","ip":"::1","level":"info","method":"GET","pathParameters":{"0":"tech"},"query":{},"timestamp":"Wed, 19 Jun 2024 04:57:51 GMT"}
{"body":{},"endpoint":"/tech","ip":"::1","level":"info","method":"GET","pathParameters":{"0":"tech"},"query":{},"timestamp":"Wed, 19 Jun 2024 04:58:15 GMT"}
{"body":{},"endpoint":"/tech","ip":"::1","level":"info","method":"GET","pathParameters":{"0":"tech"},"query":{},"timestamp":"Wed, 19 Jun 2024 04:58:25 GMT"}
{"body":{},"endpoint":"/tech","ip":"::1","level":"info","method":"GET","pathParameters":{"0":"tech"},"query":{},"timestamp":"Wed, 19 Jun 2024 05:04:53 GMT"}
{"body":{},"endpoint":"/tech","ip":"::1","level":"info","method":"GET","pathParameters":{"0":"tech"},"query":{},"timestamp":"Wed, 19 Jun 2024 05:07:04 GMT"}
{"body":{},"endpoint":"/tech","ip":"::1","level":"info","method":"GET","pathParameters":{"0":"tech"},"query":{},"timestamp":"Wed, 19 Jun 2024 05:07:07 GMT"}
{"body":{},"endpoint":"/tech","ip":"::1","level":"info","method":"GET","pathParameters":{"0":"tech"},"query":{},"timestamp":"Wed, 19 Jun 2024 05:18:27 GMT"}
{"body":{},"endpoint":"/tech","ip":"::1","level":"info","method":"GET","pathParameters":{"0":"tech"},"query":{},"timestamp":"Wed, 19 Jun 2024 05:20:09 GMT"}
{"body":{},"endpoint":"/tech","ip":"::1","level":"info","method":"GET","pathParameters":{"0":"tech"},"query":{},"timestamp":"Wed, 19 Jun 2024 06:10:39 GMT"}
{"body":{},"endpoint":"/tech","ip":"::1","level":"info","method":"GET","pathParameters":{"0":"tech"},"query":{},"timestamp":"Wed, 19 Jun 2024 22:35:14 GMT"}
{"body":{},"endpoint":"/ws","ip":"::1","level":"info","method":"GET","pathParameters":{"0":"ws"},"query":{},"timestamp":"Wed, 19 Jun 2024 22:36:17 GMT"}
{"body":{},"endpoint":"/ws","ip":"::1","level":"info","method":"GET","pathParameters":{"0":"ws"},"query":{},"timestamp":"Wed, 19 Jun 2024 22:36:20 GMT"}
{"body":{},"endpoint":"/ws","ip":"::1","level":"info","method":"GET","pathParameters":{"0":"ws"},"query":{},"timestamp":"Wed, 19 Jun 2024 22:36:24 GMT"}
{"body":{},"endpoint":"/ws","ip":"::1","level":"info","method":"GET","pathParameters":{"0":"ws"},"query":{},"timestamp":"Wed, 19 Jun 2024 22:36:32 GMT"}
{"body":{},"endpoint":"/ws","ip":"::1","level":"info","method":"GET","pathParameters":{"0":"ws"},"query":{},"timestamp":"Wed, 19 Jun 2024 22:36:48 GMT"}
{"body":{},"endpoint":"/ws","ip":"::1","level":"info","method":"GET","pathParameters":{"0":"ws"},"query":{},"timestamp":"Wed, 19 Jun 2024 22:37:20 GMT"}
{"body":{},"endpoint":"/tech","ip":"::1","level":"info","method":"GET","pathParameters":{"0":"tech"},"query":{},"timestamp":"Wed, 19 Jun 2024 22:37:48 GMT"}
{"body":{},"endpoint":"/ws","ip":"::1","level":"info","method":"GET","pathParameters":{"0":"ws"},"query":{},"timestamp":"Wed, 19 Jun 2024 22:38:24 GMT"}
{"body":{},"endpoint":"/ws","ip":"::1","level":"info","method":"GET","pathParameters":{"0":"ws"},"query":{},"timestamp":"Wed, 19 Jun 2024 22:40:33 GMT"}
{"body":{},"endpoint":"/ws","ip":"::1","level":"info","method":"GET","pathParameters":{"0":"ws"},"query":{},"timestamp":"Wed, 19 Jun 2024 22:44:11 GMT"}
{"body":{},"endpoint":"/tech","ip":"::1","level":"info","method":"GET","pathParameters":{"0":"tech"},"query":{},"timestamp":"Wed, 19 Jun 2024 22:44:14 GMT"}
{"body":{},"endpoint":"/ws","ip":"::1","level":"info","method":"GET","pathParameters":{"0":"ws"},"query":{},"timestamp":"Wed, 19 Jun 2024 22:44:14 GMT"}
{"body":{},"endpoint":"/tech","ip":"::1","level":"info","method":"GET","pathParameters":{"0":"tech"},"query":{},"timestamp":"Wed, 19 Jun 2024 22:44:17 GMT"}
{"body":{},"endpoint":"/ws","ip":"::1","level":"info","method":"GET","pathParameters":{"0":"ws"},"query":{},"timestamp":"Wed, 19 Jun 2024 22:44:19 GMT"}
{"body":{},"endpoint":"/ws","ip":"::1","level":"info","method":"GET","pathParameters":{"0":"ws"},"query":{},"timestamp":"Wed, 19 Jun 2024 22:44:28 GMT"}
{"body":{},"endpoint":"/flashcards","ip":"::1","level":"info","method":"GET","pathParameters":{"0":"flashcards"},"query":{},"timestamp":"Wed, 19 Jun 2024 22:44:33 GMT"}
{"body":{},"endpoint":"/flashcards","ip":"::1","level":"info","method":"GET","pathParameters":{"0":"flashcards"},"query":{},"timestamp":"Wed, 19 Jun 2024 22:44:33 GMT"}
{"body":{},"endpoint":"/ws","ip":"::1","level":"info","method":"GET","pathParameters":{"0":"ws"},"query":{},"timestamp":"Wed, 19 Jun 2024 22:44:45 GMT"}
{"body":{},"endpoint":"/ws","ip":"::1","level":"info","method":"GET","pathParameters":{"0":"ws"},"query":{},"timestamp":"Wed, 19 Jun 2024 22:45:17 GMT"}
{"body":{},"endpoint":"/ws","ip":"::1","level":"info","method":"GET","pathParameters":{"0":"ws"},"query":{},"timestamp":"Wed, 19 Jun 2024 22:46:21 GMT"}
{"body":{},"endpoint":"/ws","ip":"::1","level":"info","method":"GET","pathParameters":{"0":"ws"},"query":{},"timestamp":"Wed, 19 Jun 2024 22:48:17 GMT"}
{"body":{},"endpoint":"/tech","ip":"::1","level":"info","method":"GET","pathParameters":{"0":"tech"},"query":{},"timestamp":"Wed, 19 Jun 2024 22:48:51 GMT"}
{"body":{},"endpoint":"/flashcards","ip":"::1","level":"info","method":"GET","pathParameters":{"0":"flashcards"},"query":{},"timestamp":"Wed, 19 Jun 2024 22:48:57 GMT"}
{"body":{},"endpoint":"/flashcards","ip":"::1","level":"info","method":"GET","pathParameters":{"0":"flashcards"},"query":{},"timestamp":"Wed, 19 Jun 2024 22:48:58 GMT"}
{"body":{},"endpoint":"/flashcards","ip":"::1","level":"info","method":"GET","pathParameters":{"0":"flashcards"},"query":{},"timestamp":"Wed, 19 Jun 2024 22:48:59 GMT"}
{"body":{},"endpoint":"/tech","ip":"::1","level":"info","method":"GET","pathParameters":{"0":"tech"},"query":{},"timestamp":"Wed, 19 Jun 2024 22:54:45 GMT"}
{"body":{},"endpoint":"/ws","ip":"::1","level":"info","method":"GET","pathParameters":{"0":"ws"},"query":{},"timestamp":"Wed, 19 Jun 2024 23:01:13 GMT"}
{"body":{},"endpoint":"/tech","ip":"::1","level":"info","method":"GET","pathParameters":{"0":"tech"},"query":{},"timestamp":"Wed, 19 Jun 2024 23:01:31 GMT"}
{"body":{},"endpoint":"/flashcards","ip":"::1","level":"info","method":"GET","pathParameters":{"0":"flashcards"},"query":{},"timestamp":"Wed, 19 Jun 2024 23:03:33 GMT"}
{"body":{},"endpoint":"/","ip":"::1","level":"info","method":"GET","pathParameters":{"0":""},"query":{},"timestamp":"Wed, 19 Jun 2024 23:03:47 GMT"}
{"body":{},"endpoint":"/","ip":"::1","level":"info","method":"GET","pathParameters":{"0":""},"query":{},"timestamp":"Wed, 19 Jun 2024 23:03:49 GMT"}
{"body":{},"endpoint":"/tech","ip":"::1","level":"info","method":"GET","pathParameters":{"0":"tech"},"query":{},"timestamp":"Wed, 19 Jun 2024 23:11:18 GMT"}
{"body":{},"endpoint":"/ws","ip":"::1","level":"info","method":"GET","pathParameters":{"0":"ws"},"query":{},"timestamp":"Wed, 19 Jun 2024 23:11:32 GMT"}
{"body":{},"endpoint":"/flashcards","ip":"::1","level":"info","method":"GET","pathParameters":{"0":"flashcards"},"query":{},"timestamp":"Wed, 19 Jun 2024 23:11:35 GMT"}
{"body":{},"endpoint":"/flashcards","ip":"::1","level":"info","method":"GET","pathParameters":{"0":"flashcards"},"query":{},"timestamp":"Wed, 19 Jun 2024 23:11:36 GMT"}
{"body":{},"endpoint":"/tech","ip":"::1","level":"info","method":"GET","pathParameters":{"0":"tech"},"query":{},"timestamp":"Wed, 19 Jun 2024 23:11:37 GMT"}
{"body":{},"endpoint":"/ws","ip":"::1","level":"info","method":"GET","pathParameters":{"0":"ws"},"query":{},"timestamp":"Wed, 19 Jun 2024 23:13:41 GMT"}
{"body":{},"endpoint":"/tech","ip":"::1","level":"info","method":"GET","pathParameters":{"0":"tech"},"query":{},"timestamp":"Wed, 19 Jun 2024 23:16:45 GMT"}
{"body":{},"endpoint":"/tech","ip":"::1","level":"info","method":"GET","pathParameters":{"0":"tech"},"query":{},"timestamp":"Wed, 19 Jun 2024 23:16:52 GMT"}
{"body":{},"endpoint":"/tech","ip":"::1","level":"info","method":"GET","pathParameters":{"0":"tech"},"query":{},"timestamp":"Wed, 19 Jun 2024 23:17:04 GMT"}
{"body":{},"endpoint":"/tech","ip":"::1","level":"info","method":"GET","pathParameters":{"0":"tech"},"query":{},"timestamp":"Wed, 19 Jun 2024 23:17:07 GMT"}
{"body":{},"endpoint":"/tech","ip":"::1","level":"info","method":"GET","pathParameters":{"0":"tech"},"query":{},"timestamp":"Wed, 19 Jun 2024 23:17:11 GMT"}
{"body":{},"endpoint":"/ws","ip":"::1","level":"info","method":"GET","pathParameters":{"0":"ws"},"query":{},"timestamp":"Wed, 19 Jun 2024 23:17:58 GMT"}
{"body":{},"endpoint":"/flashcards","ip":"::1","level":"info","method":"GET","pathParameters":{"0":"flashcards"},"query":{},"timestamp":"Wed, 19 Jun 2024 23:20:14 GMT"}
{"body":{},"endpoint":"/flashcards","ip":"::1","level":"info","method":"GET","pathParameters":{"0":"flashcards"},"query":{},"timestamp":"Wed, 19 Jun 2024 23:20:16 GMT"}
{"body":{},"endpoint":"/ws","ip":"::1","level":"info","method":"GET","pathParameters":{"0":"ws"},"query":{},"timestamp":"Wed, 19 Jun 2024 23:20:22 GMT"}
{"body":{},"endpoint":"/ws","ip":"::1","level":"info","method":"GET","pathParameters":{"0":"ws"},"query":{},"timestamp":"Wed, 19 Jun 2024 23:20:25 GMT"}
{"body":{},"endpoint":"/ws","ip":"::1","level":"info","method":"GET","pathParameters":{"0":"ws"},"query":{},"timestamp":"Wed, 19 Jun 2024 23:20:30 GMT"}
{"body":{},"endpoint":"/ws","ip":"::1","level":"info","method":"GET","pathParameters":{"0":"ws"},"query":{},"timestamp":"Wed, 19 Jun 2024 23:20:39 GMT"}
{"body":{},"endpoint":"/ws","ip":"::1","level":"info","method":"GET","pathParameters":{"0":"ws"},"query":{},"timestamp":"Wed, 19 Jun 2024 23:20:56 GMT"}
{"body":{},"endpoint":"/ws","ip":"::1","level":"info","method":"GET","pathParameters":{"0":"ws"},"query":{},"timestamp":"Wed, 19 Jun 2024 23:21:29 GMT"}
{"body":{},"endpoint":"/ws","ip":"::1","level":"info","method":"GET","pathParameters":{"0":"ws"},"query":{},"timestamp":"Wed, 19 Jun 2024 23:22:34 GMT"}
{"body":{},"endpoint":"/ws","ip":"::1","level":"info","method":"GET","pathParameters":{"0":"ws"},"query":{},"timestamp":"Wed, 19 Jun 2024 23:56:48 GMT"}
{"body":{},"endpoint":"/flashcards","ip":"::1","level":"info","method":"GET","pathParameters":{"0":"flashcards"},"query":{},"timestamp":"Thu, 20 Jun 2024 15:36:11 GMT"}
{"body":{},"endpoint":"/tech","ip":"::1","level":"info","method":"GET","pathParameters":{"0":"tech"},"query":{},"timestamp":"Thu, 20 Jun 2024 15:54:52 GMT"}
{"body":{},"endpoint":"/tech","ip":"::1","level":"info","method":"GET","pathParameters":{"0":"tech"},"query":{},"timestamp":"Thu, 20 Jun 2024 19:06:33 GMT"}
{"body":{},"endpoint":"/tech","ip":"::1","level":"info","method":"GET","pathParameters":{"0":"tech"},"query":{},"timestamp":"Thu, 20 Jun 2024 19:11:27 GMT"}
{"body":{},"endpoint":"/tech","ip":"::1","level":"info","method":"GET","pathParameters":{"0":"tech"},"query":{},"timestamp":"Thu, 20 Jun 2024 19:17:46 GMT"}
{"body":{},"endpoint":"/ws","ip":"::1","level":"info","method":"GET","pathParameters":{"0":"ws"},"query":{},"timestamp":"Thu, 20 Jun 2024 19:21:42 GMT"}
{"body":{},"endpoint":"/ws","ip":"::1","level":"info","method":"GET","pathParameters":{"0":"ws"},"query":{},"timestamp":"Thu, 20 Jun 2024 19:21:44 GMT"}
{"body":{},"endpoint":"/ws","ip":"::1","level":"info","method":"GET","pathParameters":{"0":"ws"},"query":{},"timestamp":"Thu, 20 Jun 2024 19:21:49 GMT"}
{"body":{},"endpoint":"/ws","ip":"::1","level":"info","method":"GET","pathParameters":{"0":"ws"},"query":{},"timestamp":"Thu, 20 Jun 2024 19:21:58 GMT"}
{"body":{},"endpoint":"/ws","ip":"::1","level":"info","method":"GET","pathParameters":{"0":"ws"},"query":{},"timestamp":"Thu, 20 Jun 2024 19:22:15 GMT"}
{"body":{},"endpoint":"/ws","ip":"::1","level":"info","method":"GET","pathParameters":{"0":"ws"},"query":{},"timestamp":"Thu, 20 Jun 2024 19:22:48 GMT"}
{"body":{},"endpoint":"/tech","ip":"::1","level":"info","method":"GET","pathParameters":{"0":"tech"},"query":{},"timestamp":"Thu, 20 Jun 2024 19:23:24 GMT"}
{"body":{},"endpoint":"/ws","ip":"::1","level":"info","method":"GET","pathParameters":{"0":"ws"},"query":{},"timestamp":"Thu, 20 Jun 2024 19:23:53 GMT"}
{"body":{},"endpoint":"/tech","ip":"::1","level":"info","method":"GET","pathParameters":{"0":"tech"},"query":{},"timestamp":"Thu, 20 Jun 2024 19:24:09 GMT"}
{"body":{},"endpoint":"/tech","ip":"::1","level":"info","method":"GET","pathParameters":{"0":"tech"},"query":{},"timestamp":"Thu, 20 Jun 2024 19:24:15 GMT"}
{"body":{},"endpoint":"/tech","ip":"::1","level":"info","method":"GET","pathParameters":{"0":"tech"},"query":{},"timestamp":"Thu, 20 Jun 2024 19:24:19 GMT"}
{"body":{},"endpoint":"/tech","ip":"::1","level":"info","method":"GET","pathParameters":{"0":"tech"},"query":{},"timestamp":"Thu, 20 Jun 2024 19:24:22 GMT"}
{"body":{},"endpoint":"/tech","ip":"::1","level":"info","method":"GET","pathParameters":{"0":"tech"},"query":{},"timestamp":"Thu, 20 Jun 2024 19:24:24 GMT"}
{"body":{},"endpoint":"/ws","ip":"::1","level":"info","method":"GET","pathParameters":{"0":"ws"},"query":{},"timestamp":"Thu, 20 Jun 2024 19:26:02 GMT"}
{"body":{},"endpoint":"/ws","ip":"::1","level":"info","method":"GET","pathParameters":{"0":"ws"},"query":{},"timestamp":"Thu, 20 Jun 2024 19:30:19 GMT"}
{"body":{},"endpoint":"/ws","ip":"::1","level":"info","method":"GET","pathParameters":{"0":"ws"},"query":{},"timestamp":"Thu, 20 Jun 2024 19:38:52 GMT"}
{"body":{},"endpoint":"/tech","ip":"::1","level":"info","method":"GET","pathParameters":{"0":"tech"},"query":{},"timestamp":"Thu, 20 Jun 2024 19:48:24 GMT"}
{"body":{},"endpoint":"/tech","ip":"::1","level":"info","method":"GET","pathParameters":{"0":"tech"},"query":{},"timestamp":"Thu, 20 Jun 2024 19:48:28 GMT"}
{"body":{},"endpoint":"/tech","ip":"::1","level":"info","method":"GET","pathParameters":{"0":"tech"},"query":{},"timestamp":"Thu, 20 Jun 2024 19:48:28 GMT"}
{"body":{},"endpoint":"/tech","ip":"::1","level":"info","method":"GET","pathParameters":{"0":"tech"},"query":{},"timestamp":"Thu, 20 Jun 2024 19:48:29 GMT"}
{"body":{},"endpoint":"/tech","ip":"::1","level":"info","method":"GET","pathParameters":{"0":"tech"},"query":{},"timestamp":"Thu, 20 Jun 2024 19:48:29 GMT"}
{"body":{},"endpoint":"/tech","ip":"::1","level":"info","method":"GET","pathParameters":{"0":"tech"},"query":{},"timestamp":"Thu, 20 Jun 2024 19:48:30 GMT"}
{"body":{},"endpoint":"/tech","ip":"::1","level":"info","method":"GET","pathParameters":{"0":"tech"},"query":{},"timestamp":"Thu, 20 Jun 2024 19:48:34 GMT"}
{"body":{},"endpoint":"/tech","ip":"::1","level":"info","method":"GET","pathParameters":{"0":"tech"},"query":{},"timestamp":"Thu, 20 Jun 2024 19:48:34 GMT"}
{"body":{},"endpoint":"/tech","ip":"::1","level":"info","method":"GET","pathParameters":{"0":"tech"},"query":{},"timestamp":"Thu, 20 Jun 2024 19:48:34 GMT"}
{"body":{},"endpoint":"/tech","ip":"::1","level":"info","method":"GET","pathParameters":{"0":"tech"},"query":{},"timestamp":"Thu, 20 Jun 2024 19:48:35 GMT"}
{"body":{},"endpoint":"/tech","ip":"::1","level":"info","method":"GET","pathParameters":{"0":"tech"},"query":{},"timestamp":"Thu, 20 Jun 2024 19:48:35 GMT"}
{"body":{},"endpoint":"/tech","ip":"::1","level":"info","method":"GET","pathParameters":{"0":"tech"},"query":{},"timestamp":"Thu, 20 Jun 2024 19:48:35 GMT"}
{"body":{},"endpoint":"/tech","ip":"::1","level":"info","method":"GET","pathParameters":{"0":"tech"},"query":{},"timestamp":"Thu, 20 Jun 2024 19:48:35 GMT"}
{"body":{},"endpoint":"/tech","ip":"::1","level":"info","method":"GET","pathParameters":{"0":"tech"},"query":{},"timestamp":"Thu, 20 Jun 2024 19:48:35 GMT"}
{"body":{},"endpoint":"/tech","ip":"::1","level":"info","method":"GET","pathParameters":{"0":"tech"},"query":{},"timestamp":"Thu, 20 Jun 2024 19:48:35 GMT"}
{"body":{},"endpoint":"/tech","ip":"::1","level":"info","method":"GET","pathParameters":{"0":"tech"},"query":{},"timestamp":"Thu, 20 Jun 2024 19:48:36 GMT"}
{"body":{},"endpoint":"/tech","ip":"::1","level":"info","method":"GET","pathParameters":{"0":"tech"},"query":{},"timestamp":"Thu, 20 Jun 2024 19:48:36 GMT"}
{"body":{},"endpoint":"/tech","ip":"::1","level":"info","method":"GET","pathParameters":{"0":"tech"},"query":{},"timestamp":"Thu, 20 Jun 2024 19:51:49 GMT"}
{"body":{},"endpoint":"/tech","ip":"::1","level":"info","method":"GET","pathParameters":{"0":"tech"},"query":{},"timestamp":"Thu, 20 Jun 2024 19:51:58 GMT"}
{"body":{},"endpoint":"/tech","ip":"::1","level":"info","method":"GET","pathParameters":{"0":"tech"},"query":{},"timestamp":"Thu, 20 Jun 2024 19:53:08 GMT"}
{"body":{},"endpoint":"/tech","ip":"::1","level":"info","method":"GET","pathParameters":{"0":"tech"},"query":{},"timestamp":"Thu, 20 Jun 2024 19:53:10 GMT"}
{"body":{},"endpoint":"/tech","ip":"::1","level":"info","method":"GET","pathParameters":{"0":"tech"},"query":{},"timestamp":"Thu, 20 Jun 2024 19:53:15 GMT"}
{"body":{},"endpoint":"/tech","ip":"::1","level":"info","method":"GET","pathParameters":{"0":"tech"},"query":{},"timestamp":"Thu, 20 Jun 2024 19:53:17 GMT"}
{"body":{},"endpoint":"/tech","ip":"::1","level":"info","method":"GET","pathParameters":{"0":"tech"},"query":{},"timestamp":"Thu, 20 Jun 2024 19:53:17 GMT"}
{"body":{},"endpoint":"/tech","ip":"::1","level":"info","method":"GET","pathParameters":{"0":"tech"},"query":{},"timestamp":"Thu, 20 Jun 2024 19:53:17 GMT"}
{"body":{},"endpoint":"/tech","ip":"::1","level":"info","method":"GET","pathParameters":{"0":"tech"},"query":{},"timestamp":"Thu, 20 Jun 2024 19:53:17 GMT"}
{"body":{},"endpoint":"/tech","ip":"::1","level":"info","method":"GET","pathParameters":{"0":"tech"},"query":{},"timestamp":"Thu, 20 Jun 2024 19:53:18 GMT"}
{"body":{},"endpoint":"/tech","ip":"::1","level":"info","method":"GET","pathParameters":{"0":"tech"},"query":{},"timestamp":"Thu, 20 Jun 2024 19:53:18 GMT"}
{"body":{},"endpoint":"/tech","ip":"::1","level":"info","method":"GET","pathParameters":{"0":"tech"},"query":{},"timestamp":"Thu, 20 Jun 2024 19:53:18 GMT"}
{"body":{},"endpoint":"/tech","ip":"::1","level":"info","method":"GET","pathParameters":{"0":"tech"},"query":{},"timestamp":"Thu, 20 Jun 2024 19:53:18 GMT"}
{"body":{},"endpoint":"/tech","ip":"::1","level":"info","method":"GET","pathParameters":{"0":"tech"},"query":{},"timestamp":"Thu, 20 Jun 2024 19:53:19 GMT"}
{"body":{},"endpoint":"/tech","ip":"::1","level":"info","method":"GET","pathParameters":{"0":"tech"},"query":{},"timestamp":"Thu, 20 Jun 2024 19:53:19 GMT"}
{"body":{},"endpoint":"/tech","ip":"::1","level":"info","method":"GET","pathParameters":{"0":"tech"},"query":{},"timestamp":"Thu, 20 Jun 2024 19:53:19 GMT"}
{"body":{},"endpoint":"/tech","ip":"::1","level":"info","method":"GET","pathParameters":{"0":"tech"},"query":{},"timestamp":"Thu, 20 Jun 2024 19:53:19 GMT"}
{"body":{},"endpoint":"/tech","ip":"::1","level":"info","method":"GET","pathParameters":{"0":"tech"},"query":{},"timestamp":"Thu, 20 Jun 2024 19:53:19 GMT"}
{"body":{},"endpoint":"/tech","ip":"::1","level":"info","method":"GET","pathParameters":{"0":"tech"},"query":{},"timestamp":"Thu, 20 Jun 2024 19:53:19 GMT"}
{"body":{},"endpoint":"/tech","ip":"::1","level":"info","method":"GET","pathParameters":{"0":"tech"},"query":{},"timestamp":"Thu, 20 Jun 2024 19:53:20 GMT"}
{"body":{},"endpoint":"/tech","ip":"::1","level":"info","method":"GET","pathParameters":{"0":"tech"},"query":{},"timestamp":"Thu, 20 Jun 2024 19:53:20 GMT"}
{"body":{},"endpoint":"/tech","ip":"::1","level":"info","method":"GET","pathParameters":{"0":"tech"},"query":{},"timestamp":"Thu, 20 Jun 2024 19:53:20 GMT"}
{"body":{},"endpoint":"/tech","ip":"::1","level":"info","method":"GET","pathParameters":{"0":"tech"},"query":{},"timestamp":"Thu, 20 Jun 2024 19:53:20 GMT"}
{"body":{},"endpoint":"/tech","ip":"::1","level":"info","method":"GET","pathParameters":{"0":"tech"},"query":{},"timestamp":"Thu, 20 Jun 2024 19:53:20 GMT"}
{"body":{},"endpoint":"/tech","ip":"::1","level":"info","method":"GET","pathParameters":{"0":"tech"},"query":{},"timestamp":"Thu, 20 Jun 2024 19:53:20 GMT"}
{"body":{},"endpoint":"/tech","ip":"::1","level":"info","method":"GET","pathParameters":{"0":"tech"},"query":{},"timestamp":"Thu, 20 Jun 2024 19:53:21 GMT"}
{"body":{},"endpoint":"/tech","ip":"::1","level":"info","method":"GET","pathParameters":{"0":"tech"},"query":{},"timestamp":"Thu, 20 Jun 2024 19:53:21 GMT"}
{"body":{},"endpoint":"/tech","ip":"::1","level":"info","method":"GET","pathParameters":{"0":"tech"},"query":{},"timestamp":"Thu, 20 Jun 2024 19:53:21 GMT"}
{"body":{},"endpoint":"/tech","ip":"::1","level":"info","method":"GET","pathParameters":{"0":"tech"},"query":{},"timestamp":"Thu, 20 Jun 2024 19:53:21 GMT"}
{"body":{},"endpoint":"/tech","ip":"::1","level":"info","method":"GET","pathParameters":{"0":"tech"},"query":{},"timestamp":"Thu, 20 Jun 2024 19:53:21 GMT"}
{"body":{},"endpoint":"/tech","ip":"::1","level":"info","method":"GET","pathParameters":{"0":"tech"},"query":{},"timestamp":"Thu, 20 Jun 2024 19:53:21 GMT"}
{"body":{},"endpoint":"/tech","ip":"::1","level":"info","method":"GET","pathParameters":{"0":"tech"},"query":{},"timestamp":"Thu, 20 Jun 2024 19:53:22 GMT"}
{"body":{},"endpoint":"/tech","ip":"::1","level":"info","method":"GET","pathParameters":{"0":"tech"},"query":{},"timestamp":"Thu, 20 Jun 2024 19:58:56 GMT"}
{"body":{},"endpoint":"/tech/users/test123@gmail.com","ip":"::1","level":"info","method":"GET","pathParameters":{"0":"tech/users/test123@gmail.com"},"query":{},"timestamp":"Thu, 20 Jun 2024 20:12:05 GMT"}
{"body":{},"endpoint":"/tech/users/test123@gmail.com","ip":"::1","level":"info","method":"GET","pathParameters":{"0":"tech/users/test123@gmail.com"},"query":{},"timestamp":"Thu, 20 Jun 2024 20:12:35 GMT"}
{"body":{},"endpoint":"/tech/users/","ip":"::1","level":"info","method":"GET","pathParameters":{"0":"tech/users/"},"query":{},"timestamp":"Thu, 20 Jun 2024 20:12:55 GMT"}
{"body":{},"endpoint":"/users/test123@gmail.com","ip":"::1","level":"info","method":"GET","pathParameters":{"0":"users/test123@gmail.com"},"query":{},"timestamp":"Thu, 20 Jun 2024 20:13:09 GMT"}
{"body":{"email":"davidle872@yahoo.com","password":"lucy123"},"endpoint":"/users/","ip":"::1","level":"info","method":"POST","pathParameters":{"0":"users/"},"query":{},"timestamp":"Thu, 20 Jun 2024 20:17:46 GMT"}
{"body":{},"endpoint":"/users/davidle872@yahoo.com","ip":"::1","level":"info","method":"GET","pathParameters":{"0":"users/davidle872@yahoo.com"},"query":{},"timestamp":"Thu, 20 Jun 2024 20:18:16 GMT"}
{"body":{},"endpoint":"/tech","ip":"::1","level":"info","method":"GET","pathParameters":{"0":"tech"},"query":{},"timestamp":"Thu, 20 Jun 2024 20:27:05 GMT"}
{"body":{"email":"davidle872@yahoo.com","password":"lucy123"},"endpoint":"/users/","ip":"::1","level":"info","method":"POST","pathParameters":{"0":"users/"},"query":{},"timestamp":"Thu, 20 Jun 2024 20:27:22 GMT"}
{"body":{"email":"davidle872@yahoo.com","password":"lucy123"},"endpoint":"/users/","error":400,"ip":"::1","level":"info","message":"Email already exists","method":"POST","pathParameters":{},"query":{},"timestamp":"Thu, 20 Jun 2024 20:27:22 GMT"}
{"body":{"email":"davidle872@yahoo.com","password":"lucy123"},"endpoint":"/users/","ip":"::1","level":"info","method":"POST","pathParameters":{"0":"users/"},"query":{},"timestamp":"Thu, 20 Jun 2024 20:27:23 GMT"}
{"body":{"email":"davidle872@yahoo.com","password":"lucy123"},"endpoint":"/users/","error":400,"ip":"::1","level":"info","message":"Email already exists","method":"POST","pathParameters":{},"query":{},"timestamp":"Thu, 20 Jun 2024 20:27:23 GMT"}
{"body":{"email":"davidle872@yahoo.com","password":"lucy123"},"endpoint":"/users/","ip":"::1","level":"info","method":"POST","pathParameters":{"0":"users/"},"query":{},"timestamp":"Thu, 20 Jun 2024 20:27:24 GMT"}
{"body":{"email":"davidle872@yahoo.com","password":"lucy123"},"endpoint":"/users/","error":400,"ip":"::1","level":"info","message":"Email already exists","method":"POST","pathParameters":{},"query":{},"timestamp":"Thu, 20 Jun 2024 20:27:24 GMT"}
{"body":{"email":"davidle872@yahoo.com","password":"lucy123"},"endpoint":"/users/","ip":"::1","level":"info","method":"POST","pathParameters":{"0":"users/"},"query":{},"timestamp":"Thu, 20 Jun 2024 20:27:24 GMT"}
{"body":{"email":"davidle872@yahoo.com","password":"lucy123"},"endpoint":"/users/","error":400,"ip":"::1","level":"info","message":"Email already exists","method":"POST","pathParameters":{},"query":{},"timestamp":"Thu, 20 Jun 2024 20:27:24 GMT"}
{"body":{"email":"davidle872@yahoo.com","password":"lucy123"},"endpoint":"/users/","ip":"::1","level":"info","method":"POST","pathParameters":{"0":"users/"},"query":{},"timestamp":"Thu, 20 Jun 2024 20:27:30 GMT"}
{"body":{"email":"davidle872@yahoo.com","password":"lucy123"},"endpoint":"/users/","error":400,"ip":"::1","level":"info","message":"Email already exists","method":"POST","pathParameters":{},"query":{},"timestamp":"Thu, 20 Jun 2024 20:27:30 GMT"}
{"body":{"email":"davidle872@yahoo.com","password":"lucy123"},"endpoint":"/users/","ip":"::1","level":"info","method":"POST","pathParameters":{"0":"users/"},"query":{},"timestamp":"Thu, 20 Jun 2024 20:27:49 GMT"}
{"body":{"email":"davidle872@yahoo.com","password":"lucy123"},"endpoint":"/users/","error":400,"ip":"::1","level":"info","message":"Email already exists","method":"POST","pathParameters":{},"query":{},"timestamp":"Thu, 20 Jun 2024 20:27:49 GMT"}
{"body":{"email":"davidle872@yahoo.com","password":"lucy123"},"endpoint":"/users/","ip":"::1","level":"info","method":"POST","pathParameters":{"0":"users/"},"query":{},"timestamp":"Thu, 20 Jun 2024 20:30:38 GMT"}
{"body":{"email":"davidle872@yahoo.com","password":"lucy123"},"endpoint":"/users/","error":400,"ip":"::1","level":"info","message":"Email already exists","method":"POST","pathParameters":{},"query":{},"timestamp":"Thu, 20 Jun 2024 20:30:38 GMT"}
{"body":{},"endpoint":"/tech","ip":"::1","level":"info","method":"GET","pathParameters":{"0":"tech"},"query":{},"timestamp":"Thu, 20 Jun 2024 20:33:10 GMT"}
{"body":{},"endpoint":"/tech","ip":"::1","level":"info","method":"GET","pathParameters":{"0":"tech"},"query":{},"timestamp":"Thu, 20 Jun 2024 20:33:18 GMT"}
{"body":{"email":"davidle872@yahoo.com","password":"lucy123"},"endpoint":"/users/","ip":"::1","level":"info","method":"POST","pathParameters":{"0":"users/"},"query":{},"timestamp":"Thu, 20 Jun 2024 20:43:25 GMT"}
{"body":{"email":"davidle872@yahoo.com","password":"lucy123"},"endpoint":"/users/","error":400,"ip":"::1","level":"info","message":"Email already exists","method":"POST","pathParameters":{},"query":{},"timestamp":"Thu, 20 Jun 2024 20:43:25 GMT"}
{"body":{},"endpoint":"/users/davidle872@yahoo.com","ip":"::1","level":"info","method":"GET","pathParameters":{"0":"users/davidle872@yahoo.com"},"query":{},"timestamp":"Thu, 20 Jun 2024 20:43:29 GMT"}
{"body":{"email":"monkeykingdom@yahoo.com","password":"lucy123"},"endpoint":"/users/","ip":"::1","level":"info","method":"POST","pathParameters":{"0":"users/"},"query":{},"timestamp":"Thu, 20 Jun 2024 20:44:42 GMT"}
{"body":{"email":"monkeykingdom@yahoo.com","password":"lucy123"},"endpoint":"/users/","ip":"::1","level":"info","method":"POST","pathParameters":{"0":"users/"},"query":{},"timestamp":"Thu, 20 Jun 2024 20:44:46 GMT"}
{"body":{"email":"monkeykingdom@yahoo.com","password":"lucy123"},"endpoint":"/users/","error":400,"ip":"::1","level":"info","message":"Email already exists","method":"POST","pathParameters":{},"query":{},"timestamp":"Thu, 20 Jun 2024 20:44:46 GMT"}
{"body":{},"endpoint":"/tech","ip":"::1","level":"info","method":"GET","pathParameters":{"0":"tech"},"query":{},"timestamp":"Thu, 20 Jun 2024 20:45:44 GMT"}
{"body":{},"endpoint":"/tech","ip":"::1","level":"info","method":"GET","pathParameters":{"0":"tech"},"query":{},"timestamp":"Thu, 20 Jun 2024 20:45:47 GMT"}
{"body":{},"endpoint":"/tech","ip":"::1","level":"info","method":"GET","pathParameters":{"0":"tech"},"query":{},"timestamp":"Thu, 20 Jun 2024 20:45:48 GMT"}
{"body":{},"endpoint":"/tech","ip":"::1","level":"info","method":"GET","pathParameters":{"0":"tech"},"query":{},"timestamp":"Thu, 20 Jun 2024 20:45:48 GMT"}
{"body":{"email":"monkeykingdom@yahoo.com","password":"lucy123"},"endpoint":"/users/","ip":"::1","level":"info","method":"POST","pathParameters":{"0":"users/"},"query":{},"timestamp":"Thu, 20 Jun 2024 20:46:07 GMT"}
{"body":{"email":"monkeykingdom@yahoo.com","password":"lucy123"},"endpoint":"/users/","error":400,"ip":"::1","level":"info","message":"Email already exists","method":"POST","pathParameters":{},"query":{},"timestamp":"Thu, 20 Jun 2024 20:46:07 GMT"}
{"body":{"email":"monkeykingdom@yahoo.com","password":"lucy123"},"endpoint":"/users/","ip":"::1","level":"info","method":"POST","pathParameters":{"0":"users/"},"query":{},"timestamp":"Thu, 20 Jun 2024 20:46:23 GMT"}
{"body":{"email":"monkeykingdom@yahoo.com","password":"lucy123"},"endpoint":"/users/","error":400,"ip":"::1","level":"info","message":"Email already exists","method":"POST","pathParameters":{},"query":{},"timestamp":"Thu, 20 Jun 2024 20:46:24 GMT"}
{"body":{},"endpoint":"/tech","ip":"::1","level":"info","method":"GET","pathParameters":{"0":"tech"},"query":{},"timestamp":"Thu, 20 Jun 2024 20:52:01 GMT"}
{"body":{},"endpoint":"/tech","ip":"::1","level":"info","method":"GET","pathParameters":{"0":"tech"},"query":{},"timestamp":"Thu, 20 Jun 2024 20:53:12 GMT"}
{"body":{},"endpoint":"/tech","ip":"::1","level":"info","method":"GET","pathParameters":{"0":"tech"},"query":{},"timestamp":"Thu, 20 Jun 2024 20:53:13 GMT"}
{"body":{},"endpoint":"/tech","ip":"::1","level":"info","method":"GET","pathParameters":{"0":"tech"},"query":{},"timestamp":"Thu, 20 Jun 2024 20:53:46 GMT"}
{"body":{"email":"","password":""},"endpoint":"/users/","ip":"::1","level":"info","method":"POST","pathParameters":{"0":"users/"},"query":{},"timestamp":"Thu, 20 Jun 2024 21:00:06 GMT"}
{"body":{"email":"example872@yahoo.com","password":"example123"},"endpoint":"/users/","ip":"::1","level":"info","method":"POST","pathParameters":{"0":"users/"},"query":{},"timestamp":"Thu, 20 Jun 2024 21:00:33 GMT"}
{"body":{},"endpoint":"/tech","ip":"::1","level":"info","method":"GET","pathParameters":{"0":"tech"},"query":{},"timestamp":"Thu, 20 Jun 2024 21:08:18 GMT"}
{"body":{"email":"example@gmail.com","password":"example123"},"endpoint":"/users/","ip":"::1","level":"info","method":"POST","pathParameters":{"0":"users/"},"query":{},"timestamp":"Thu, 20 Jun 2024 21:08:48 GMT"}
{"body":{"email":"example@gmail.com","password":"example123"},"endpoint":"/users/","ip":"::1","level":"info","method":"POST","pathParameters":{"0":"users/"},"query":{},"timestamp":"Thu, 20 Jun 2024 21:10:05 GMT"}
{"body":{"email":"example@gmail.com","password":"example123"},"endpoint":"/users/","error":400,"ip":"::1","level":"info","message":"Email already exists","method":"POST","pathParameters":{},"query":{},"timestamp":"Thu, 20 Jun 2024 21:10:05 GMT"}
{"body":{"email":"example@gmail.com","password":"example123"},"endpoint":"/users/","ip":"::1","level":"info","method":"POST","pathParameters":{"0":"users/"},"query":{},"timestamp":"Thu, 20 Jun 2024 21:15:58 GMT"}
{"body":{"email":"example@gmail.com","password":"example123"},"endpoint":"/users/","error":400,"ip":"::1","level":"info","message":"Email already exists","method":"POST","pathParameters":{},"query":{},"timestamp":"Thu, 20 Jun 2024 21:15:58 GMT"}
{"body":{"email":{"email":"davidle872@yahoo.com"},"password":{"password":"aznvi3tman11"}},"endpoint":"/users/","ip":"::1","level":"info","method":"POST","pathParameters":{"0":"users/"},"query":{},"timestamp":"Thu, 20 Jun 2024 21:20:35 GMT"}
{"body":{"email":{"email":"davidle872@yahoo.com"},"password":{"password":"aznvi3tman11"}},"endpoint":"/users/","error":500,"ip":"::1","level":"info","message":"Failed to register user","method":"POST","pathParameters":{},"query":{},"timestamp":"Thu, 20 Jun 2024 21:20:35 GMT"}
{"body":{"email":{"email":"storedata@yahoo.com"},"password":{"password":"aznvi3tman11"}},"endpoint":"/users/","ip":"::1","level":"info","method":"POST","pathParameters":{"0":"users/"},"query":{},"timestamp":"Thu, 20 Jun 2024 21:20:51 GMT"}
{"body":{"email":{"email":"storedata@yahoo.com"},"password":{"password":"aznvi3tman11"}},"endpoint":"/users/","error":500,"ip":"::1","level":"info","message":"Failed to register user","method":"POST","pathParameters":{},"query":{},"timestamp":"Thu, 20 Jun 2024 21:20:51 GMT"}
{"body":{"email":{"email":"davidle872@yahoo.co"},"password":{"password":"aznvi3tman11"}},"endpoint":"/users/","ip":"::1","level":"info","method":"POST","pathParameters":{"0":"users/"},"query":{},"timestamp":"Thu, 20 Jun 2024 21:23:05 GMT"}
{"body":{"email":{"email":"davidle872@yahoo.co"},"password":{"password":"aznvi3tman11"}},"endpoint":"/users/","error":500,"ip":"::1","level":"info","message":"Failed to register user","method":"POST","pathParameters":{},"query":{},"timestamp":"Thu, 20 Jun 2024 21:23:05 GMT"}
{"body":{"email":"davidle1872@yahoo.com","password":"aznvi3tman11"},"endpoint":"/users/","ip":"::1","level":"info","method":"POST","pathParameters":{"0":"users/"},"query":{},"timestamp":"Thu, 20 Jun 2024 21:25:02 GMT"}
{"body":{"email":"gabechill872@yahoo.com","password":"aznvi3tman11"},"endpoint":"/users/","ip":"::1","level":"info","method":"POST","pathParameters":{"0":"users/"},"query":{},"timestamp":"Thu, 20 Jun 2024 21:27:12 GMT"}
{"body":{"email":"zachurnothelpingme872@yahoo.com","password":"aznvi3tman11"},"endpoint":"/users/","ip":"::1","level":"info","method":"POST","pathParameters":{"0":"users/"},"query":{},"timestamp":"Thu, 20 Jun 2024 21:31:58 GMT"}
{"body":{},"endpoint":"/users/","ip":"::1","level":"info","method":"GET","pathParameters":{"0":"users/"},"query":{},"timestamp":"Thu, 20 Jun 2024 21:37:06 GMT"}
{"body":{},"endpoint":"/users/email","ip":"::1","level":"info","method":"GET","pathParameters":{"0":"users/email"},"query":{},"timestamp":"Thu, 20 Jun 2024 21:37:23 GMT"}
{"body":{},"endpoint":"/users/emails","ip":"::1","level":"info","method":"GET","pathParameters":{"0":"users/emails"},"query":{},"timestamp":"Thu, 20 Jun 2024 21:37:27 GMT"}
{"body":{},"endpoint":"/users/davidle872@yahoo.com","ip":"::1","level":"info","method":"GET","pathParameters":{"0":"users/davidle872@yahoo.com"},"query":{},"timestamp":"Thu, 20 Jun 2024 21:37:43 GMT"}
{"body":{},"endpoint":"/users/","ip":"::1","level":"info","method":"GET","pathParameters":{"0":"users/"},"query":{},"timestamp":"Thu, 20 Jun 2024 21:39:14 GMT"}
{"body":{},"endpoint":"/users/:email","ip":"::1","level":"info","method":"GET","pathParameters":{"0":"users/:email"},"query":{},"timestamp":"Thu, 20 Jun 2024 21:39:24 GMT"}
{"body":{},"endpoint":"/users","ip":"::1","level":"info","method":"GET","pathParameters":{"0":"users"},"query":{},"timestamp":"Thu, 20 Jun 2024 21:39:45 GMT"}
{"body":{},"endpoint":"/users","ip":"::1","level":"info","method":"GET","pathParameters":{"0":"users"},"query":{},"timestamp":"Thu, 20 Jun 2024 21:48:27 GMT"}
{"body":{},"endpoint":"/email","ip":"::1","level":"info","method":"GET","pathParameters":{"0":"email"},"query":{},"timestamp":"Thu, 20 Jun 2024 21:48:29 GMT"}
{"body":{},"endpoint":"/users/email","ip":"::1","level":"info","method":"GET","pathParameters":{"0":"users/email"},"query":{},"timestamp":"Thu, 20 Jun 2024 21:49:05 GMT"}
{"body":{},"endpoint":"/users/davidle872@yahoo.com","ip":"::1","level":"info","method":"GET","pathParameters":{"0":"users/davidle872@yahoo.com"},"query":{},"timestamp":"Thu, 20 Jun 2024 21:49:12 GMT"}
{"body":{},"endpoint":"/login","ip":"::1","level":"info","method":"GET","pathParameters":{"0":"login"},"query":{},"timestamp":"Thu, 20 Jun 2024 21:50:00 GMT"}
{"body":{},"endpoint":"/login","ip":"::1","level":"info","method":"GET","pathParameters":{"0":"login"},"query":{},"timestamp":"Thu, 20 Jun 2024 21:50:15 GMT"}
{"body":{},"endpoint":"/users","ip":"::1","level":"info","method":"GET","pathParameters":{"0":"users"},"query":{},"timestamp":"Thu, 20 Jun 2024 21:50:28 GMT"}
{"body":{},"endpoint":"/login","ip":"::1","level":"info","method":"GET","pathParameters":{"0":"login"},"query":{},"timestamp":"Thu, 20 Jun 2024 21:50:32 GMT"}
{"body":{},"endpoint":"/users","ip":"::1","level":"info","method":"GET","pathParameters":{"0":"users"},"query":{},"timestamp":"Thu, 20 Jun 2024 21:50:44 GMT"}
{"body":{},"endpoint":"/users/email","ip":"::1","level":"info","method":"GET","pathParameters":{"0":"users/email"},"query":{},"timestamp":"Thu, 20 Jun 2024 21:50:49 GMT"}
{"body":{},"endpoint":"/users/email","ip":"::1","level":"info","method":"GET","pathParameters":{"0":"users/email"},"query":{},"timestamp":"Thu, 20 Jun 2024 21:51:42 GMT"}
{"body":{},"endpoint":"/users/:email","ip":"::1","level":"info","method":"GET","pathParameters":{"0":"users/:email"},"query":{},"timestamp":"Thu, 20 Jun 2024 21:52:35 GMT"}
{"body":{},"endpoint":"/users/davidle872@yahoo.com","ip":"::1","level":"info","method":"GET","pathParameters":{"0":"users/davidle872@yahoo.com"},"query":{},"timestamp":"Thu, 20 Jun 2024 21:52:47 GMT"}
{"body":{},"endpoint":"/users/:email","ip":"::1","level":"info","method":"GET","pathParameters":{"0":"users/:email"},"query":{},"timestamp":"Thu, 20 Jun 2024 22:04:13 GMT"}
{"body":{},"endpoint":"/users/davidle872@yahoo.com","ip":"::1","level":"info","method":"GET","pathParameters":{"0":"users/davidle872@yahoo.com"},"query":{},"timestamp":"Thu, 20 Jun 2024 22:06:08 GMT"}
{"body":{},"endpoint":"/users/$%7Bemail%7D","ip":"::1","level":"info","method":"GET","pathParameters":{"0":"users/${email}"},"query":{},"timestamp":"Thu, 20 Jun 2024 22:26:57 GMT"}
{"body":{},"endpoint":"/users/davidle872@yahoo.com","ip":"::1","level":"info","method":"GET","pathParameters":{"0":"users/davidle872@yahoo.com"},"query":{},"timestamp":"Thu, 20 Jun 2024 22:29:05 GMT"}
{"body":{},"endpoint":"/users/test123@gmail.com","ip":"::1","level":"info","method":"GET","pathParameters":{"0":"users/test123@gmail.com"},"query":{},"timestamp":"Thu, 20 Jun 2024 22:32:02 GMT"}
{"body":{},"endpoint":"/users/davidle872@yahoo.com","ip":"::1","level":"info","method":"GET","pathParameters":{"0":"users/davidle872@yahoo.com"},"query":{},"timestamp":"Thu, 20 Jun 2024 22:32:38 GMT"}
{"body":{},"endpoint":"/users/davidle872@yahoo.com","ip":"::1","level":"info","method":"GET","pathParameters":{"0":"users/davidle872@yahoo.com"},"query":{},"timestamp":"Thu, 20 Jun 2024 22:32:54 GMT"}
{"body":{},"endpoint":"/users/davidle872@yahoo.com","ip":"::1","level":"info","method":"GET","pathParameters":{"0":"users/davidle872@yahoo.com"},"query":{},"timestamp":"Thu, 20 Jun 2024 22:36:56 GMT"}
{"body":{"email":"davidle872@yahoo.com","password":"aznvi3tman11"},"endpoint":"/users/","ip":"::1","level":"info","method":"POST","pathParameters":{"0":"users/"},"query":{},"timestamp":"Thu, 20 Jun 2024 22:40:30 GMT"}
{"body":{"email":"davidle872@yahoo.com","password":"aznvi3tman11"},"endpoint":"/users/","error":400,"ip":"::1","level":"info","message":"Email already exists","method":"POST","pathParameters":{},"query":{},"timestamp":"Thu, 20 Jun 2024 22:40:30 GMT"}
{"body":{},"endpoint":"/users/davidle872@yahoo.com","ip":"::1","level":"info","method":"GET","pathParameters":{"0":"users/davidle872@yahoo.com"},"query":{},"timestamp":"Thu, 20 Jun 2024 22:40:56 GMT"}
{"body":{},"endpoint":"/tech","ip":"::1","level":"info","method":"GET","pathParameters":{"0":"tech"},"query":{},"timestamp":"Thu, 20 Jun 2024 22:41:16 GMT"}
{"body":{},"endpoint":"/tech","ip":"::1","level":"info","method":"GET","pathParameters":{"0":"tech"},"query":{},"timestamp":"Thu, 20 Jun 2024 22:41:34 GMT"}
{"body":{"email":"davidle872@yahoo.com","password":"aznvi3tman11"},"endpoint":"/users/","ip":"::1","level":"info","method":"POST","pathParameters":{"0":"users/"},"query":{},"timestamp":"Thu, 20 Jun 2024 22:42:04 GMT"}
{"body":{"email":"davidle872@yahoo.com","password":"aznvi3tman11"},"endpoint":"/users/","error":400,"ip":"::1","level":"info","message":"Email already exists","method":"POST","pathParameters":{},"query":{},"timestamp":"Thu, 20 Jun 2024 22:42:04 GMT"}
{"body":{"email":"davidle8721111@yahoo.com","password":"aznvi3tman11"},"endpoint":"/users/","ip":"::1","level":"info","method":"POST","pathParameters":{"0":"users/"},"query":{},"timestamp":"Thu, 20 Jun 2024 22:42:48 GMT"}
{"body":{},"endpoint":"/users/davidle872@yahoo.com","ip":"::1","level":"info","method":"GET","pathParameters":{"0":"users/davidle872@yahoo.com"},"query":{},"timestamp":"Thu, 20 Jun 2024 22:42:54 GMT"}
{"body":{"email":"davidle872@yahoo.com","password":"aznvi3tman11"},"endpoint":"/users/","ip":"::1","level":"info","method":"POST","pathParameters":{"0":"users/"},"query":{},"timestamp":"Thu, 20 Jun 2024 22:43:04 GMT"}
{"body":{"email":"davidle872@yahoo.com","password":"aznvi3tman11"},"endpoint":"/users/","error":400,"ip":"::1","level":"info","message":"Email already exists","method":"POST","pathParameters":{},"query":{},"timestamp":"Thu, 20 Jun 2024 22:43:05 GMT"}
{"body":{},"endpoint":"/users/davidle872@yahoo.com","ip":"::1","level":"info","method":"GET","pathParameters":{"0":"users/davidle872@yahoo.com"},"query":{},"timestamp":"Thu, 20 Jun 2024 22:43:10 GMT"}
{"body":{},"endpoint":"/tech","ip":"::1","level":"info","method":"GET","pathParameters":{"0":"tech"},"query":{},"timestamp":"Thu, 20 Jun 2024 22:47:33 GMT"}
{"body":{},"endpoint":"/tech","ip":"::ffff:127.0.0.1","level":"info","method":"GET","pathParameters":{"0":"tech"},"query":{},"timestamp":"Thu, 20 Jun 2024 22:52:01 GMT"}
{"body":{"email":"eman872@yahoo.com","password":"aznvi3tman11"},"endpoint":"/users/","ip":"::1","level":"info","method":"POST","pathParameters":{"0":"users/"},"query":{},"timestamp":"Thu, 20 Jun 2024 22:56:17 GMT"}
{"body":{"email":"davidle872@yahoo.com","password":"aznvi3tman11"},"endpoint":"/users/","ip":"::1","level":"info","method":"POST","pathParameters":{"0":"users/"},"query":{},"timestamp":"Thu, 20 Jun 2024 22:58:57 GMT"}
{"body":{"email":"davidle872@yahoo.com","password":"aznvi3tman11"},"endpoint":"/users/","error":400,"ip":"::1","level":"info","message":"Email already exists","method":"POST","pathParameters":{},"query":{},"timestamp":"Thu, 20 Jun 2024 22:58:57 GMT"}
{"body":{"email":"beautifuljustin872@yahoo.com","password":"aznvi3tman11"},"endpoint":"/users/","ip":"::1","level":"info","method":"POST","pathParameters":{"0":"users/"},"query":{},"timestamp":"Thu, 20 Jun 2024 23:01:33 GMT"}
{"body":{},"endpoint":"/users/davidle872@yahoo.com","ip":"::1","level":"info","method":"GET","pathParameters":{"0":"users/davidle872@yahoo.com"},"query":{},"timestamp":"Thu, 20 Jun 2024 23:01:43 GMT"}
{"body":{"email":"dreiscooking872@yahoo.com","password":"aznvi3tman11"},"endpoint":"/users/","ip":"::1","level":"info","method":"POST","pathParameters":{"0":"users/"},"query":{},"timestamp":"Thu, 20 Jun 2024 23:05:32 GMT"}
{"body":{},"endpoint":"/users/davidle872@yahoo.com","ip":"::1","level":"info","method":"GET","pathParameters":{"0":"users/davidle872@yahoo.com"},"query":{},"timestamp":"Thu, 20 Jun 2024 23:05:34 GMT"}
{"body":{},"endpoint":"/users/davidle872@yahoo.com","ip":"::1","level":"info","method":"GET","pathParameters":{"0":"users/davidle872@yahoo.com"},"query":{},"timestamp":"Thu, 20 Jun 2024 23:47:03 GMT"}
{"body":{},"endpoint":"/users/davidle872@yahoo.com","ip":"::1","level":"info","method":"GET","pathParameters":{"0":"users/davidle872@yahoo.com"},"query":{},"timestamp":"Fri, 21 Jun 2024 00:01:23 GMT"}
{"body":{},"endpoint":"/users/beatmesilly@gmail.com","ip":"::ffff:127.0.0.1","level":"info","method":"GET","pathParameters":{"0":"users/beatmesilly@gmail.com"},"query":{},"timestamp":"Fri, 21 Jun 2024 00:09:36 GMT"}
{"body":{},"endpoint":"/users/beatmesilly@gmail.com","ip":"::ffff:127.0.0.1","level":"info","method":"GET","pathParameters":{"0":"users/beatmesilly@gmail.com"},"query":{},"timestamp":"Fri, 21 Jun 2024 00:12:26 GMT"}
{"body":{},"endpoint":"/users/beatmesilly@gmail.com","ip":"::ffff:127.0.0.1","level":"info","method":"GET","pathParameters":{"0":"users/beatmesilly@gmail.com"},"query":{},"timestamp":"Fri, 21 Jun 2024 00:14:41 GMT"}
{"body":{},"endpoint":"/users/davidle872@yahoo.com","ip":"::1","level":"info","method":"GET","pathParameters":{"0":"users/davidle872@yahoo.com"},"query":{},"timestamp":"Fri, 21 Jun 2024 00:29:29 GMT"}
{"body":{},"endpoint":"/users/beatmesilly@gmail.com","ip":"::ffff:127.0.0.1","level":"info","method":"GET","pathParameters":{"0":"users/beatmesilly@gmail.com"},"query":{},"timestamp":"Fri, 21 Jun 2024 00:31:50 GMT"}
{"body":{},"endpoint":"/users/davidle872@yahoo.com","ip":"::1","level":"info","method":"GET","pathParameters":{"0":"users/davidle872@yahoo.com"},"query":{},"timestamp":"Fri, 21 Jun 2024 00:32:17 GMT"}
{"body":{},"endpoint":"/users/beatmesilly@gmail.com","ip":"::ffff:127.0.0.1","level":"info","method":"GET","pathParameters":{"0":"users/beatmesilly@gmail.com"},"query":{},"timestamp":"Fri, 21 Jun 2024 00:33:55 GMT"}
{"body":{},"endpoint":"/users/beatmesilly@gmail.com","ip":"::ffff:127.0.0.1","level":"info","method":"GET","pathParameters":{"0":"users/beatmesilly@gmail.com"},"query":{},"timestamp":"Fri, 21 Jun 2024 00:34:15 GMT"}
{"body":{},"endpoint":"/users/davidle872@yahoo.com","ip":"::1","level":"info","method":"GET","pathParameters":{"0":"users/davidle872@yahoo.com"},"query":{},"timestamp":"Fri, 21 Jun 2024 00:35:29 GMT"}
{"body":{},"endpoint":"/users/beatmesilly@gmail.com","ip":"::ffff:127.0.0.1","level":"info","method":"GET","pathParameters":{"0":"users/beatmesilly@gmail.com"},"query":{},"timestamp":"Fri, 21 Jun 2024 00:36:08 GMT"}
{"body":{},"endpoint":"/users/davidle872@yahoo.com","ip":"::1","level":"info","method":"GET","pathParameters":{"0":"users/davidle872@yahoo.com"},"query":{},"timestamp":"Fri, 21 Jun 2024 00:37:06 GMT"}
{"body":{},"endpoint":"/tech","ip":"::1","level":"info","method":"GET","pathParameters":{"0":"tech"},"query":{"name":"tech"},"timestamp":"Fri, 21 Jun 2024 00:39:54 GMT"}
{"body":{},"endpoint":"/users/davidle872@yahoo.com","ip":"::1","level":"info","method":"GET","pathParameters":{"0":"users/davidle872@yahoo.com"},"query":{},"timestamp":"Fri, 21 Jun 2024 00:44:37 GMT"}
{"body":{},"endpoint":"/users/beatmesilly@gmail.com","ip":"::ffff:127.0.0.1","level":"info","method":"GET","pathParameters":{"0":"users/beatmesilly@gmail.com"},"query":{},"timestamp":"Fri, 21 Jun 2024 00:46:04 GMT"}
{"body":{},"endpoint":"/users/beatmesilly@gmail.com","ip":"::ffff:127.0.0.1","level":"info","method":"GET","pathParameters":{"0":"users/beatmesilly@gmail.com"},"query":{},"timestamp":"Fri, 21 Jun 2024 00:47:21 GMT"}
